This is XeTeX, Version 3.14159265-2.6-0.999991 (TeX Live 2019) (preloaded format=xelatex 2019.5.8)  29 MAY 2020 18:03
entering extended mode
 restricted \write18 enabled.
 %&-line parsing enabled.
**foundational_statistics.tex
(./foundational_statistics.tex
LaTeX2e <2018-12-01>
(/usr/local/texlive/2019/texmf-dist/tex/latex/base/book.cls
Document Class: book 2018/09/03 v1.4i Standard LaTeX document class
(/usr/local/texlive/2019/texmf-dist/tex/latex/base/bk10.clo
File: bk10.clo 2018/09/03 v1.4i Standard LaTeX file (size option)
)
\c@part=\count80
\c@chapter=\count81
\c@section=\count82
\c@subsection=\count83
\c@subsubsection=\count84
\c@paragraph=\count85
\c@subparagraph=\count86
\c@figure=\count87
\c@table=\count88
\abovecaptionskip=\skip41
\belowcaptionskip=\skip42
\bibindent=\dimen102
) (/usr/local/texlive/2019/texmf-dist/tex/latex/lm/lmodern.sty
Package: lmodern 2009/10/30 v1.6 Latin Modern Fonts
LaTeX Font Info:    Overwriting symbol font `operators' in version `normal'
(Font)                  OT1/cmr/m/n --> OT1/lmr/m/n on input line 22.
LaTeX Font Info:    Overwriting symbol font `letters' in version `normal'
(Font)                  OML/cmm/m/it --> OML/lmm/m/it on input line 23.
LaTeX Font Info:    Overwriting symbol font `symbols' in version `normal'
(Font)                  OMS/cmsy/m/n --> OMS/lmsy/m/n on input line 24.
LaTeX Font Info:    Overwriting symbol font `largesymbols' in version `normal'
(Font)                  OMX/cmex/m/n --> OMX/lmex/m/n on input line 25.
LaTeX Font Info:    Overwriting symbol font `operators' in version `bold'
(Font)                  OT1/cmr/bx/n --> OT1/lmr/bx/n on input line 26.
LaTeX Font Info:    Overwriting symbol font `letters' in version `bold'
(Font)                  OML/cmm/b/it --> OML/lmm/b/it on input line 27.
LaTeX Font Info:    Overwriting symbol font `symbols' in version `bold'
(Font)                  OMS/cmsy/b/n --> OMS/lmsy/b/n on input line 28.
LaTeX Font Info:    Overwriting symbol font `largesymbols' in version `bold'
(Font)                  OMX/cmex/m/n --> OMX/lmex/m/n on input line 29.
LaTeX Font Info:    Overwriting math alphabet `\mathbf' in version `normal'
(Font)                  OT1/cmr/bx/n --> OT1/lmr/bx/n on input line 31.
LaTeX Font Info:    Overwriting math alphabet `\mathsf' in version `normal'
(Font)                  OT1/cmss/m/n --> OT1/lmss/m/n on input line 32.
LaTeX Font Info:    Overwriting math alphabet `\mathit' in version `normal'
(Font)                  OT1/cmr/m/it --> OT1/lmr/m/it on input line 33.
LaTeX Font Info:    Overwriting math alphabet `\mathtt' in version `normal'
(Font)                  OT1/cmtt/m/n --> OT1/lmtt/m/n on input line 34.
LaTeX Font Info:    Overwriting math alphabet `\mathbf' in version `bold'
(Font)                  OT1/cmr/bx/n --> OT1/lmr/bx/n on input line 35.
LaTeX Font Info:    Overwriting math alphabet `\mathsf' in version `bold'
(Font)                  OT1/cmss/bx/n --> OT1/lmss/bx/n on input line 36.
LaTeX Font Info:    Overwriting math alphabet `\mathit' in version `bold'
(Font)                  OT1/cmr/bx/it --> OT1/lmr/bx/it on input line 37.
LaTeX Font Info:    Overwriting math alphabet `\mathtt' in version `bold'
(Font)                  OT1/cmtt/m/n --> OT1/lmtt/m/n on input line 38.
) (/usr/local/texlive/2019/texmf-dist/tex/latex/amsfonts/amssymb.sty
Package: amssymb 2013/01/14 v3.01 AMS font symbols
(/usr/local/texlive/2019/texmf-dist/tex/latex/amsfonts/amsfonts.sty
Package: amsfonts 2013/01/14 v3.01 Basic AMSFonts support
\@emptytoks=\toks14
\symAMSa=\mathgroup4
\symAMSb=\mathgroup5
LaTeX Font Info:    Overwriting math alphabet `\mathfrak' in version `bold'
(Font)                  U/euf/m/n --> U/euf/b/n on input line 106.
)) (/usr/local/texlive/2019/texmf-dist/tex/latex/amsmath/amsmath.sty
Package: amsmath 2018/12/01 v2.17b AMS math features
\@mathmargin=\skip43
For additional information on amsmath, use the `?' option.
(/usr/local/texlive/2019/texmf-dist/tex/latex/amsmath/amstext.sty
Package: amstext 2000/06/29 v2.01 AMS text
(/usr/local/texlive/2019/texmf-dist/tex/latex/amsmath/amsgen.sty
File: amsgen.sty 1999/11/30 v2.0 generic functions
\@emptytoks=\toks15
\ex@=\dimen103
)) (/usr/local/texlive/2019/texmf-dist/tex/latex/amsmath/amsbsy.sty
Package: amsbsy 1999/11/29 v1.2d Bold Symbols
\pmbraise@=\dimen104
) (/usr/local/texlive/2019/texmf-dist/tex/latex/amsmath/amsopn.sty
Package: amsopn 2016/03/08 v2.02 operator names
)
\inf@bad=\count89
LaTeX Info: Redefining \frac on input line 223.
\uproot@=\count90
\leftroot@=\count91
LaTeX Info: Redefining \overline on input line 385.
\classnum@=\count92
\DOTSCASE@=\count93
LaTeX Info: Redefining \ldots on input line 482.
LaTeX Info: Redefining \dots on input line 485.
LaTeX Info: Redefining \cdots on input line 606.
\Mathstrutbox@=\box27
\strutbox@=\box28
\big@size=\dimen105
LaTeX Font Info:    Redeclaring font encoding OML on input line 729.
LaTeX Font Info:    Redeclaring font encoding OMS on input line 730.
\macc@depth=\count94
\c@MaxMatrixCols=\count95
\dotsspace@=\muskip10
\c@parentequation=\count96
\dspbrk@lvl=\count97
\tag@help=\toks16
\row@=\count98
\column@=\count99
\maxfields@=\count100
\andhelp@=\toks17
\eqnshift@=\dimen106
\alignsep@=\dimen107
\tagshift@=\dimen108
\tagwidth@=\dimen109
\totwidth@=\dimen110
\lineht@=\dimen111
\@envbody=\toks18
\multlinegap=\skip44
\multlinetaggap=\skip45
\mathdisplay@stack=\toks19
LaTeX Info: Redefining \[ on input line 2844.
LaTeX Info: Redefining \] on input line 2845.
) (/usr/local/texlive/2019/texmf-dist/tex/generic/ifxetex/ifxetex.sty
Package: ifxetex 2010/09/12 v0.6 Provides ifxetex conditional
) (/usr/local/texlive/2019/texmf-dist/tex/generic/oberdiek/ifluatex.sty
Package: ifluatex 2016/05/16 v1.4 Provides the ifluatex switch (HO)
Package ifluatex Info: LuaTeX not detected.
) (/usr/local/texlive/2019/texmf-dist/tex/latex/base/fixltx2e.sty
Package: fixltx2e 2016/12/29 v2.1a fixes to LaTeX (obsolete)
Applying: [2015/01/01] Old fixltx2e package on input line 46.

Package fixltx2e Warning: fixltx2e is not required with releases after 2015
(fixltx2e)                All fixes are now in the LaTeX kernel.
(fixltx2e)                See the latexrelease package for details.

Already applied: [0000/00/00] Old fixltx2e package on input line 53.
) (/usr/local/texlive/2019/texmf-dist/tex/latex/unicode-math/unicode-math.sty (
/usr/local/texlive/2019/texmf-dist/tex/latex/l3kernel/expl3.sty
Package: expl3 2019-05-07 L3 programming layer (loader) 
(/usr/local/texlive/2019/texmf-dist/tex/latex/l3kernel/expl3-code.tex
Package: expl3 2019-05-07 L3 programming layer (code)
\c_max_int=\count101
\l_tmpa_int=\count102
\l_tmpb_int=\count103
\g_tmpa_int=\count104
\g_tmpb_int=\count105
\g__kernel_prg_map_int=\count106
\c__ior_term_ior=\count107
\c_log_iow=\count108
\l_iow_line_count_int=\count109
\l__iow_line_target_int=\count110
\l__iow_one_indent_int=\count111
\l__iow_indent_int=\count112
\c_zero_dim=\dimen112
\c_max_dim=\dimen113
\l_tmpa_dim=\dimen114
\l_tmpb_dim=\dimen115
\g_tmpa_dim=\dimen116
\g_tmpb_dim=\dimen117
\c_zero_skip=\skip46
\c_max_skip=\skip47
\l_tmpa_skip=\skip48
\l_tmpb_skip=\skip49
\g_tmpa_skip=\skip50
\g_tmpb_skip=\skip51
\c_zero_muskip=\muskip11
\c_max_muskip=\muskip12
\l_tmpa_muskip=\muskip13
\l_tmpb_muskip=\muskip14
\g_tmpa_muskip=\muskip15
\g_tmpb_muskip=\muskip16
\l_keys_choice_int=\count113
\l__intarray_loop_int=\count114
\c__intarray_sp_dim=\dimen118
\g__intarray_font_int=\count115
\c__fp_leading_shift_int=\count116
\c__fp_middle_shift_int=\count117
\c__fp_trailing_shift_int=\count118
\c__fp_big_leading_shift_int=\count119
\c__fp_big_middle_shift_int=\count120
\c__fp_big_trailing_shift_int=\count121
\c__fp_Bigg_leading_shift_int=\count122
\c__fp_Bigg_middle_shift_int=\count123
\c__fp_Bigg_trailing_shift_int=\count124
\g__fp_array_int=\count125
\l__fp_array_loop_int=\count126
\l__sort_length_int=\count127
\l__sort_min_int=\count128
\l__sort_top_int=\count129
\l__sort_max_int=\count130
\l__sort_true_max_int=\count131
\l__sort_block_int=\count132
\l__sort_begin_int=\count133
\l__sort_end_int=\count134
\l__sort_A_int=\count135
\l__sort_B_int=\count136
\l__sort_C_int=\count137
\l__tl_analysis_normal_int=\count138
\l__tl_analysis_index_int=\count139
\l__tl_analysis_nesting_int=\count140
\l__tl_analysis_type_int=\count141
\l__regex_internal_a_int=\count142
\l__regex_internal_b_int=\count143
\l__regex_internal_c_int=\count144
\l__regex_balance_int=\count145
\l__regex_group_level_int=\count146
\l__regex_mode_int=\count147
\c__regex_cs_in_class_mode_int=\count148
\c__regex_cs_mode_int=\count149
\l__regex_catcodes_int=\count150
\l__regex_default_catcodes_int=\count151
\c__regex_catcode_L_int=\count152
\c__regex_catcode_O_int=\count153
\c__regex_catcode_A_int=\count154
\c__regex_all_catcodes_int=\count155
\l__regex_show_lines_int=\count156
\l__regex_min_state_int=\count157
\l__regex_max_state_int=\count158
\l__regex_left_state_int=\count159
\l__regex_right_state_int=\count160
\l__regex_capturing_group_int=\count161
\l__regex_min_pos_int=\count162
\l__regex_max_pos_int=\count163
\l__regex_curr_pos_int=\count164
\l__regex_start_pos_int=\count165
\l__regex_success_pos_int=\count166
\l__regex_curr_char_int=\count167
\l__regex_curr_catcode_int=\count168
\l__regex_last_char_int=\count169
\l__regex_case_changed_char_int=\count170
\l__regex_curr_state_int=\count171
\l__regex_step_int=\count172
\l__regex_min_active_int=\count173
\l__regex_max_active_int=\count174
\l__regex_replacement_csnames_int=\count175
\l__regex_match_count_int=\count176
\l__regex_min_submatch_int=\count177
\l__regex_submatch_int=\count178
\l__regex_zeroth_submatch_int=\count179
\g__regex_trace_regex_int=\count180
\c_empty_box=\box29
\l_tmpa_box=\box30
\l_tmpb_box=\box31
\g_tmpa_box=\box32
\g_tmpb_box=\box33
\l__box_top_dim=\dimen119
\l__box_bottom_dim=\dimen120
\l__box_left_dim=\dimen121
\l__box_right_dim=\dimen122
\l__box_top_new_dim=\dimen123
\l__box_bottom_new_dim=\dimen124
\l__box_left_new_dim=\dimen125
\l__box_right_new_dim=\dimen126
\l__box_internal_box=\box34
\l__coffin_internal_box=\box35
\l__coffin_internal_dim=\dimen127
\l__coffin_offset_x_dim=\dimen128
\l__coffin_offset_y_dim=\dimen129
\l__coffin_x_dim=\dimen130
\l__coffin_y_dim=\dimen131
\l__coffin_x_prime_dim=\dimen132
\l__coffin_y_prime_dim=\dimen133
\c_empty_coffin=\box36
\l__coffin_aligned_coffin=\box37
\l__coffin_aligned_internal_coffin=\box38
\l_tmpa_coffin=\box39
\l_tmpb_coffin=\box40
\g_tmpa_coffin=\box41
\g_tmpb_coffin=\box42
\l__coffin_bounding_shift_dim=\dimen134
\l__coffin_left_corner_dim=\dimen135
\l__coffin_right_corner_dim=\dimen136
\l__coffin_bottom_corner_dim=\dimen137
\l__coffin_top_corner_dim=\dimen138
\l__coffin_scaled_total_height_dim=\dimen139
\l__coffin_scaled_width_dim=\dimen140
\c__coffin_empty_coffin=\box43
\l__coffin_display_coffin=\box44
\l__coffin_display_coord_coffin=\box45
\l__coffin_display_pole_coffin=\box46
\l__coffin_display_offset_dim=\dimen141
\l__coffin_display_x_dim=\dimen142
\l__coffin_display_y_dim=\dimen143
\g__file_internal_ior=\read1
\l__seq_internal_a_int=\count181
\l__seq_internal_b_int=\count182
\c__deprecation_minus_one=\count183
) (/usr/local/texlive/2019/texmf-dist/tex/latex/l3kernel/l3xdvipdfmx.def
File: l3xdvipdfmx.def 2019-04-06 v L3 Experimental driver: xdvipdfmx
\g__driver_image_int=\count184
\l__driver_pdf_tmp_box=\box47
\g__driver_pdf_object_int=\count185
\g__driver_pdf_annotation_int=\count186
))
Package: unicode-math 2019/03/04 v0.8o Unicode maths in XeLaTeX and LuaLaTeX

(/usr/local/texlive/2019/texmf-dist/tex/latex/unicode-math/unicode-math-xetex.s
ty
Package: unicode-math-xetex 2019/03/04 v0.8o Unicode maths in XeLaTeX and LuaLa
TeX
(/usr/local/texlive/2019/texmf-dist/tex/latex/l3packages/xparse/xparse.sty
Package: xparse 2019-05-03 L3 Experimental document command parser
\l__xparse_current_arg_int=\count187
\g__xparse_grabber_int=\count188
\l__xparse_m_args_int=\count189
\l__xparse_v_nesting_int=\count190
) (/usr/local/texlive/2019/texmf-dist/tex/latex/l3packages/l3keys2e/l3keys2e.st
y
Package: l3keys2e 2019-05-03 LaTeX2e option processing using LaTeX3 keys
) (/usr/local/texlive/2019/texmf-dist/tex/latex/fontspec/fontspec.sty
Package: fontspec 2019/03/15 v2.7c Font selection for XeLaTeX and LuaLaTeX
(/usr/local/texlive/2019/texmf-dist/tex/latex/fontspec/fontspec-xetex.sty
Package: fontspec-xetex 2019/03/15 v2.7c Font selection for XeLaTeX and LuaLaTe
X
\l__fontspec_script_int=\count191
\l__fontspec_language_int=\count192
\l__fontspec_strnum_int=\count193
\l__fontspec_tmp_int=\count194
\l__fontspec_tmpa_int=\count195
\l__fontspec_tmpb_int=\count196
\l__fontspec_tmpc_int=\count197
\l__fontspec_em_int=\count198
\l__fontspec_emdef_int=\count199
\l__fontspec_strong_int=\count266
\l__fontspec_strongdef_int=\count267
\l__fontspec_tmpa_dim=\dimen144
\l__fontspec_tmpb_dim=\dimen145
\l__fontspec_tmpc_dim=\dimen146
(/usr/local/texlive/2019/texmf-dist/tex/latex/base/fontenc.sty
Package: fontenc 2018/08/11 v2.0j Standard LaTeX package
(/usr/local/texlive/2019/texmf-dist/tex/latex/base/tuenc.def
File: tuenc.def 2018/08/11 v2.0j Standard LaTeX file
LaTeX Font Info:    Redeclaring font encoding TU on input line 82.
)) (/usr/local/texlive/2019/texmf-dist/tex/latex/fontspec/fontspec.cfg)
LaTeX Info: Redefining \itshape on input line 4051.
LaTeX Info: Redefining \slshape on input line 4056.
LaTeX Info: Redefining \scshape on input line 4061.
LaTeX Info: Redefining \upshape on input line 4066.
LaTeX Info: Redefining \em on input line 4096.
LaTeX Info: Redefining \emph on input line 4121.
)) (/usr/local/texlive/2019/texmf-dist/tex/latex/filehook/filehook.sty
Package: filehook 2011/10/12 v0.5d Hooks for input files
) (/usr/local/texlive/2019/texmf-dist/tex/latex/base/fix-cm.sty
Package: fix-cm 2015/01/14 v1.1t fixes to LaTeX
(/usr/local/texlive/2019/texmf-dist/tex/latex/base/ts1enc.def
File: ts1enc.def 2001/06/05 v3.0e (jk/car/fm) Standard LaTeX file
))
\g__um_fam_int=\count268
\g__um_fonts_used_int=\count269
\l__um_primecount_int=\count270
\g__um_primekern_muskip=\muskip17

(/usr/local/texlive/2019/texmf-dist/tex/latex/unicode-math/unicode-math-table.t
ex)

Package unicode-math Info: I'm going to patch macro \subarray.


Package unicode-math Info: I'm going to patch macro \r@@t.

)) (/usr/local/texlive/2019/texmf-dist/tex/latex/upquote/upquote.sty
Package: upquote 2012/04/19 v1.3 upright-quote and grave-accent glyphs in verba
tim
(/usr/local/texlive/2019/texmf-dist/tex/latex/base/textcomp.sty
Package: textcomp 2018/08/11 v2.0j Standard LaTeX package
Package textcomp Info: Sub-encoding information:
(textcomp)               5 = only ISO-Adobe without \textcurrency
(textcomp)               4 = 5 + \texteuro
(textcomp)               3 = 4 + \textohm
(textcomp)               2 = 3 + \textestimated + \textcurrency
(textcomp)               1 = TS1 - \textcircled - \t
(textcomp)               0 = TS1 (full)
(textcomp)             Font families with sub-encoding setting implement
(textcomp)             only a restricted character set as indicated.
(textcomp)             Family '?' is the default used for unknown fonts.
(textcomp)             See the documentation for details.
Package textcomp Info: Setting ? sub-encoding to TS1/1 on input line 79.
(/usr/local/texlive/2019/texmf-dist/tex/latex/base/ts1enc.def
File: ts1enc.def 2001/06/05 v3.0e (jk/car/fm) Standard LaTeX file
LaTeX Font Info:    Redeclaring font encoding TS1 on input line 47.
)
LaTeX Info: Redefining \oldstylenums on input line 334.
Package textcomp Info: Setting cmr sub-encoding to TS1/0 on input line 349.
Package textcomp Info: Setting cmss sub-encoding to TS1/0 on input line 350.
Package textcomp Info: Setting cmtt sub-encoding to TS1/0 on input line 351.
Package textcomp Info: Setting cmvtt sub-encoding to TS1/0 on input line 352.
Package textcomp Info: Setting cmbr sub-encoding to TS1/0 on input line 353.
Package textcomp Info: Setting cmtl sub-encoding to TS1/0 on input line 354.
Package textcomp Info: Setting ccr sub-encoding to TS1/0 on input line 355.
Package textcomp Info: Setting ptm sub-encoding to TS1/4 on input line 356.
Package textcomp Info: Setting pcr sub-encoding to TS1/4 on input line 357.
Package textcomp Info: Setting phv sub-encoding to TS1/4 on input line 358.
Package textcomp Info: Setting ppl sub-encoding to TS1/3 on input line 359.
Package textcomp Info: Setting pag sub-encoding to TS1/4 on input line 360.
Package textcomp Info: Setting pbk sub-encoding to TS1/4 on input line 361.
Package textcomp Info: Setting pnc sub-encoding to TS1/4 on input line 362.
Package textcomp Info: Setting pzc sub-encoding to TS1/4 on input line 363.
Package textcomp Info: Setting bch sub-encoding to TS1/4 on input line 364.
Package textcomp Info: Setting put sub-encoding to TS1/5 on input line 365.
Package textcomp Info: Setting uag sub-encoding to TS1/5 on input line 366.
Package textcomp Info: Setting ugq sub-encoding to TS1/5 on input line 367.
Package textcomp Info: Setting ul8 sub-encoding to TS1/4 on input line 368.
Package textcomp Info: Setting ul9 sub-encoding to TS1/4 on input line 369.
Package textcomp Info: Setting augie sub-encoding to TS1/5 on input line 370.
Package textcomp Info: Setting dayrom sub-encoding to TS1/3 on input line 371.
Package textcomp Info: Setting dayroms sub-encoding to TS1/3 on input line 372.

Package textcomp Info: Setting pxr sub-encoding to TS1/0 on input line 373.
Package textcomp Info: Setting pxss sub-encoding to TS1/0 on input line 374.
Package textcomp Info: Setting pxtt sub-encoding to TS1/0 on input line 375.
Package textcomp Info: Setting txr sub-encoding to TS1/0 on input line 376.
Package textcomp Info: Setting txss sub-encoding to TS1/0 on input line 377.
Package textcomp Info: Setting txtt sub-encoding to TS1/0 on input line 378.
Package textcomp Info: Setting lmr sub-encoding to TS1/0 on input line 379.
Package textcomp Info: Setting lmdh sub-encoding to TS1/0 on input line 380.
Package textcomp Info: Setting lmss sub-encoding to TS1/0 on input line 381.
Package textcomp Info: Setting lmssq sub-encoding to TS1/0 on input line 382.
Package textcomp Info: Setting lmvtt sub-encoding to TS1/0 on input line 383.
Package textcomp Info: Setting lmtt sub-encoding to TS1/0 on input line 384.
Package textcomp Info: Setting qhv sub-encoding to TS1/0 on input line 385.
Package textcomp Info: Setting qag sub-encoding to TS1/0 on input line 386.
Package textcomp Info: Setting qbk sub-encoding to TS1/0 on input line 387.
Package textcomp Info: Setting qcr sub-encoding to TS1/0 on input line 388.
Package textcomp Info: Setting qcs sub-encoding to TS1/0 on input line 389.
Package textcomp Info: Setting qpl sub-encoding to TS1/0 on input line 390.
Package textcomp Info: Setting qtm sub-encoding to TS1/0 on input line 391.
Package textcomp Info: Setting qzc sub-encoding to TS1/0 on input line 392.
Package textcomp Info: Setting qhvc sub-encoding to TS1/0 on input line 393.
Package textcomp Info: Setting futs sub-encoding to TS1/4 on input line 394.
Package textcomp Info: Setting futx sub-encoding to TS1/4 on input line 395.
Package textcomp Info: Setting futj sub-encoding to TS1/4 on input line 396.
Package textcomp Info: Setting hlh sub-encoding to TS1/3 on input line 397.
Package textcomp Info: Setting hls sub-encoding to TS1/3 on input line 398.
Package textcomp Info: Setting hlst sub-encoding to TS1/3 on input line 399.
Package textcomp Info: Setting hlct sub-encoding to TS1/5 on input line 400.
Package textcomp Info: Setting hlx sub-encoding to TS1/5 on input line 401.
Package textcomp Info: Setting hlce sub-encoding to TS1/5 on input line 402.
Package textcomp Info: Setting hlcn sub-encoding to TS1/5 on input line 403.
Package textcomp Info: Setting hlcw sub-encoding to TS1/5 on input line 404.
Package textcomp Info: Setting hlcf sub-encoding to TS1/5 on input line 405.
Package textcomp Info: Setting pplx sub-encoding to TS1/3 on input line 406.
Package textcomp Info: Setting pplj sub-encoding to TS1/3 on input line 407.
Package textcomp Info: Setting ptmx sub-encoding to TS1/4 on input line 408.
Package textcomp Info: Setting ptmj sub-encoding to TS1/4 on input line 409.
)) (/usr/local/texlive/2019/texmf-dist/tex/latex/microtype/microtype.sty
Package: microtype 2019/02/28 v2.7b Micro-typographical refinements (RS)
(/usr/local/texlive/2019/texmf-dist/tex/latex/graphics/keyval.sty
Package: keyval 2014/10/28 v1.15 key=value parser (DPC)
\KV@toks@=\toks20
)
\MT@toks=\toks21
\MT@count=\count271
LaTeX Info: Redefining \textls on input line 790.
\MT@outer@kern=\dimen147
LaTeX Info: Redefining \textmicrotypecontext on input line 1336.
\MT@listname@count=\count272
(/usr/local/texlive/2019/texmf-dist/tex/latex/microtype/microtype-xetex.def
File: microtype-xetex.def 2019/02/28 v2.7b Definitions specific to xetex (RS)
LaTeX Info: Redefining \lsstyle on input line 258.
)
Package microtype Info: Loading configuration file microtype.cfg.
(/usr/local/texlive/2019/texmf-dist/tex/latex/microtype/microtype.cfg
File: microtype.cfg 2019/02/28 v2.7b microtype main configuration file (RS)
)) (/usr/local/texlive/2019/texmf-dist/tex/latex/parskip/parskip.sty
Package: parskip 2019-01-16 v2.0c non-zero parskip adjustments
(/usr/local/texlive/2019/texmf-dist/tex/latex/oberdiek/kvoptions.sty
Package: kvoptions 2016/05/16 v3.12 Key value format for package options (HO)
(/usr/local/texlive/2019/texmf-dist/tex/generic/oberdiek/ltxcmds.sty
Package: ltxcmds 2016/05/16 v1.23 LaTeX kernel commands for general use (HO)
) (/usr/local/texlive/2019/texmf-dist/tex/generic/oberdiek/kvsetkeys.sty
Package: kvsetkeys 2016/05/16 v1.17 Key value parser (HO)
(/usr/local/texlive/2019/texmf-dist/tex/generic/oberdiek/infwarerr.sty
Package: infwarerr 2016/05/16 v1.4 Providing info/warning/error messages (HO)
) (/usr/local/texlive/2019/texmf-dist/tex/generic/oberdiek/etexcmds.sty
Package: etexcmds 2016/05/16 v1.6 Avoid name clashes with e-TeX commands (HO)
))) (/usr/local/texlive/2019/texmf-dist/tex/latex/etoolbox/etoolbox.sty
Package: etoolbox 2018/08/19 v2.5f e-TeX tools for LaTeX (JAW)
\etb@tempcnta=\count273
)) (/usr/local/texlive/2019/texmf-dist/tex/latex/hyperref/hyperref.sty
Package: hyperref 2018/11/30 v6.88e Hypertext links for LaTeX
(/usr/local/texlive/2019/texmf-dist/tex/generic/oberdiek/hobsub-hyperref.sty
Package: hobsub-hyperref 2016/05/16 v1.14 Bundle oberdiek, subset hyperref (HO)

(/usr/local/texlive/2019/texmf-dist/tex/generic/oberdiek/hobsub-generic.sty
Package: hobsub-generic 2016/05/16 v1.14 Bundle oberdiek, subset generic (HO)
Package: hobsub 2016/05/16 v1.14 Construct package bundles (HO)
Package hobsub Info: Skipping package `infwarerr' (already loaded).
Package hobsub Info: Skipping package `ltxcmds' (already loaded).
Package hobsub Info: Skipping package `ifluatex' (already loaded).
Package: ifvtex 2016/05/16 v1.6 Detect VTeX and its facilities (HO)
Package ifvtex Info: VTeX not detected.
Package: intcalc 2016/05/16 v1.2 Expandable calculations with integers (HO)
Package: ifpdf 2018/09/07 v3.3 Provides the ifpdf switch
Package hobsub Info: Skipping package `etexcmds' (already loaded).
Package hobsub Info: Skipping package `kvsetkeys' (already loaded).
Package: kvdefinekeys 2016/05/16 v1.4 Define keys (HO)
Package: pdftexcmds 2018/09/10 v0.29 Utility functions of pdfTeX for LuaTeX (HO
)
Package pdftexcmds Info: LuaTeX not detected.
Package pdftexcmds Info: pdfTeX >= 1.30 not detected.
Package pdftexcmds Info: \pdf@primitive is available.
Package pdftexcmds Info: \pdf@ifprimitive is available.
Package pdftexcmds Info: \pdfdraftmode not found.
Package: pdfescape 2016/05/16 v1.14 Implements pdfTeX's escape features (HO)
Package: bigintcalc 2016/05/16 v1.4 Expandable calculations on big integers (HO
)
Package: bitset 2016/05/16 v1.2 Handle bit-vector datatype (HO)
Package: uniquecounter 2016/05/16 v1.3 Provide unlimited unique counter (HO)
)
Package hobsub Info: Skipping package `hobsub' (already loaded).
Package: letltxmacro 2016/05/16 v1.5 Let assignment for LaTeX macros (HO)
Package: hopatch 2016/05/16 v1.3 Wrapper for package hooks (HO)
Package: xcolor-patch 2016/05/16 xcolor patch
Package: atveryend 2016/05/16 v1.9 Hooks at the very end of document (HO)
Package: atbegshi 2016/06/09 v1.18 At begin shipout hook (HO)
Package: refcount 2016/05/16 v3.5 Data extraction from label references (HO)
Package: hycolor 2016/05/16 v1.8 Color options for hyperref/bookmark (HO)
) (/usr/local/texlive/2019/texmf-dist/tex/latex/oberdiek/auxhook.sty
Package: auxhook 2016/05/16 v1.4 Hooks for auxiliary files (HO)
)
\@linkdim=\dimen148
\Hy@linkcounter=\count274
\Hy@pagecounter=\count275
(/usr/local/texlive/2019/texmf-dist/tex/latex/hyperref/pd1enc.def
File: pd1enc.def 2018/11/30 v6.88e Hyperref: PDFDocEncoding definition (HO)
)
\Hy@SavedSpaceFactor=\count276
(/usr/local/texlive/2019/texmf-dist/tex/latex/latexconfig/hyperref.cfg
File: hyperref.cfg 2002/06/06 v1.2 hyperref configuration of TeXLive
)
Package hyperref Info: Option `unicode' set `true' on input line 4393.
(/usr/local/texlive/2019/texmf-dist/tex/latex/hyperref/puenc.def
File: puenc.def 2018/11/30 v6.88e Hyperref: PDF Unicode definition (HO)
)
Package hyperref Info: Hyper figures OFF on input line 4519.
Package hyperref Info: Link nesting OFF on input line 4524.
Package hyperref Info: Hyper index ON on input line 4527.
Package hyperref Info: Plain pages OFF on input line 4534.
Package hyperref Info: Backreferencing OFF on input line 4539.
Package hyperref Info: Implicit mode ON; LaTeX internals redefined.
Package hyperref Info: Bookmarks ON on input line 4772.
\c@Hy@tempcnt=\count277
(/usr/local/texlive/2019/texmf-dist/tex/latex/url/url.sty
\Urlmuskip=\muskip18
Package: url 2013/09/16  ver 3.4  Verb mode for urls, etc.
)
LaTeX Info: Redefining \url on input line 5125.
\XeTeXLinkMargin=\dimen149
\Fld@menulength=\count278
\Field@Width=\dimen150
\Fld@charsize=\dimen151
Package hyperref Info: Hyper figures OFF on input line 6380.
Package hyperref Info: Link nesting OFF on input line 6385.
Package hyperref Info: Hyper index ON on input line 6388.
Package hyperref Info: backreferencing OFF on input line 6395.
Package hyperref Info: Link coloring OFF on input line 6400.
Package hyperref Info: Link coloring with OCG OFF on input line 6405.
Package hyperref Info: PDF/A mode OFF on input line 6410.
LaTeX Info: Redefining \ref on input line 6450.
LaTeX Info: Redefining \pageref on input line 6454.
\Hy@abspage=\count279
\c@Item=\count280
\c@Hfootnote=\count281
)
Package hyperref Info: Driver (autodetected): hxetex.
(/usr/local/texlive/2019/texmf-dist/tex/latex/hyperref/hxetex.def
File: hxetex.def 2018/11/30 v6.88e Hyperref driver for XeTeX
(/usr/local/texlive/2019/texmf-dist/tex/generic/oberdiek/stringenc.sty
Package: stringenc 2016/05/16 v1.11 Convert strings between diff. encodings (HO
)
)
\pdfm@box=\box48
\c@Hy@AnnotLevel=\count282
\HyField@AnnotCount=\count283
\Fld@listcount=\count284
\c@bookmark@seq@number=\count285
(/usr/local/texlive/2019/texmf-dist/tex/latex/oberdiek/rerunfilecheck.sty
Package: rerunfilecheck 2016/05/16 v1.8 Rerun checks for auxiliary files (HO)
Package uniquecounter Info: New unique counter `rerunfilecheck' on input line 2
82.
)
\Hy@SectionHShift=\skip52
)
Package hyperref Info: Option `breaklinks' set `true' on input line 35.
(/usr/local/texlive/2019/texmf-dist/tex/latex/graphics/color.sty
Package: color 2016/07/10 v1.1e Standard LaTeX Color (DPC)
(/usr/local/texlive/2019/texmf-dist/tex/latex/graphics-cfg/color.cfg
File: color.cfg 2016/01/02 v1.6 sample color configuration
)
Package color Info: Driver file: xetex.def on input line 147.
(/usr/local/texlive/2019/texmf-dist/tex/latex/graphics-def/xetex.def
File: xetex.def 2017/06/24 v5.0h Graphics/color driver for xetex
)) (/usr/local/texlive/2019/texmf-dist/tex/latex/fancyvrb/fancyvrb.sty
Package: fancyvrb 2019/01/15
Style option: `fancyvrb' v3.2a <2019/01/15> (tvz)
\FV@CodeLineNo=\count286
\FV@InFile=\read2
\FV@TabBox=\box49
\c@FancyVerbLine=\count287
\FV@StepNumber=\count288
\FV@OutFile=\write3
) (/usr/local/texlive/2019/texmf-dist/tex/latex/framed/framed.sty
Package: framed 2011/10/22 v 0.96: framed or shaded text with page breaks
\OuterFrameSep=\skip53
\fb@frw=\dimen152
\fb@frh=\dimen153
\FrameRule=\dimen154
\FrameSep=\dimen155
) (/usr/local/texlive/2019/texmf-dist/tex/latex/tools/longtable.sty
Package: longtable 2014/10/28 v4.11 Multi-page Table package (DPC)+ FMi change
\LTleft=\skip54
\LTright=\skip55
\LTpre=\skip56
\LTpost=\skip57
\LTchunksize=\count289
\LTcapwidth=\dimen156
\LT@head=\box50
\LT@firsthead=\box51
\LT@foot=\box52
\LT@lastfoot=\box53
\LT@cols=\count290
\LT@rows=\count291
\c@LT@tables=\count292
\c@LT@chunks=\count293
\LT@p@ftn=\toks22
) (/usr/local/texlive/2019/texmf-dist/tex/latex/booktabs/booktabs.sty
Package: booktabs 2016/04/27 v1.618033 publication quality tables
\heavyrulewidth=\dimen157
\lightrulewidth=\dimen158
\cmidrulewidth=\dimen159
\belowrulesep=\dimen160
\belowbottomsep=\dimen161
\aboverulesep=\dimen162
\abovetopsep=\dimen163
\cmidrulesep=\dimen164
\cmidrulekern=\dimen165
\defaultaddspace=\dimen166
\@cmidla=\count294
\@cmidlb=\count295
\@aboverulesep=\dimen167
\@belowrulesep=\dimen168
\@thisruleclass=\count296
\@lastruleclass=\count297
\@thisrulewidth=\dimen169
) (/usr/local/texlive/2019/texmf-dist/tex/latex/mdwtools/footnote.sty
Package: footnote 1997/01/28 1.13 Save footnotes around boxes
\fn@notes=\box54
\fn@width=\dimen170
) (/usr/local/texlive/2019/texmf-dist/tex/latex/graphics/graphicx.sty
Package: graphicx 2017/06/01 v1.1a Enhanced LaTeX Graphics (DPC,SPQR)
(/usr/local/texlive/2019/texmf-dist/tex/latex/graphics/graphics.sty
Package: graphics 2017/06/25 v1.2c Standard LaTeX Graphics (DPC,SPQR)
(/usr/local/texlive/2019/texmf-dist/tex/latex/graphics/trig.sty
Package: trig 2016/01/03 v1.10 sin cos tan (DPC)
) (/usr/local/texlive/2019/texmf-dist/tex/latex/graphics-cfg/graphics.cfg
File: graphics.cfg 2016/06/04 v1.11 sample graphics configuration
)
Package graphics Info: Driver file: xetex.def on input line 99.
)
\Gin@req@height=\dimen171
\Gin@req@width=\dimen172
) (/usr/local/texlive/2019/texmf-dist/tex/latex/oberdiek/grffile.sty
Package: grffile 2017/06/30 v1.18 Extended file name support for graphics (HO)
Package grffile Info: Option `multidot' is set to `true'.
Package grffile Info: Option `extendedchars' is set to `false'.
Package grffile Info: Option `space' is set to `true'.
Package grffile Info: \Gin@ii of package `graphicx' fixed on input line 494.
) (/usr/local/texlive/2019/texmf-dist/tex/latex/amscls/amsthm.sty
Package: amsthm 2017/10/31 v2.20.4
\thm@style=\toks23
\thm@bodyfont=\toks24
\thm@headfont=\toks25
\thm@notefont=\toks26
\thm@headpunct=\toks27
\thm@preskip=\skip58
\thm@postskip=\skip59
\thm@headsep=\skip60
\dth@everypar=\toks28
) (/usr/local/texlive/2019/texmf-dist/tex/latex/natbib/natbib.sty
Package: natbib 2010/09/13 8.31b (PWD, AO)
\bibhang=\skip61
\bibsep=\skip62
LaTeX Info: Redefining \cite on input line 694.
\c@NAT@ctr=\count298
) (./foundational_statistics.aux)
\openout1 = `foundational_statistics.aux'.

LaTeX Font Info:    Checking defaults for OML/cmm/m/it on input line 123.
LaTeX Font Info:    ... okay on input line 123.
LaTeX Font Info:    Checking defaults for T1/cmr/m/n on input line 123.
LaTeX Font Info:    ... okay on input line 123.
LaTeX Font Info:    Checking defaults for OT1/cmr/m/n on input line 123.
LaTeX Font Info:    ... okay on input line 123.
LaTeX Font Info:    Checking defaults for OMS/cmsy/m/n on input line 123.
LaTeX Font Info:    ... okay on input line 123.
LaTeX Font Info:    Checking defaults for TU/lmr/m/n on input line 123.
LaTeX Font Info:    ... okay on input line 123.
LaTeX Font Info:    Checking defaults for OMX/cmex/m/n on input line 123.
LaTeX Font Info:    ... okay on input line 123.
LaTeX Font Info:    Checking defaults for U/cmr/m/n on input line 123.
LaTeX Font Info:    ... okay on input line 123.
LaTeX Font Info:    Checking defaults for TS1/cmr/m/n on input line 123.
LaTeX Font Info:    ... okay on input line 123.
LaTeX Font Info:    Checking defaults for PD1/pdf/m/n on input line 123.
LaTeX Font Info:    ... okay on input line 123.
LaTeX Font Info:    Checking defaults for PU/pdf/m/n on input line 123.
LaTeX Font Info:    ... okay on input line 123.
LaTeX Font Info:    Overwriting math alphabet `\mathrm' in version `normal'
(Font)                  OT1/lmr/m/n --> TU/lmr/m/n on input line 123.
LaTeX Font Info:    Overwriting math alphabet `\mathit' in version `normal'
(Font)                  OT1/lmr/m/it --> TU/lmr/m/it on input line 123.
LaTeX Font Info:    Overwriting math alphabet `\mathbf' in version `normal'
(Font)                  OT1/lmr/bx/n --> TU/lmr/bx/n on input line 123.
LaTeX Font Info:    Overwriting math alphabet `\mathsf' in version `normal'
(Font)                  OT1/lmss/m/n --> TU/lmss/m/n on input line 123.
LaTeX Font Info:    Overwriting math alphabet `\mathsf' in version `bold'
(Font)                  OT1/lmss/bx/n --> TU/lmss/bx/n on input line 123.
LaTeX Font Info:    Overwriting math alphabet `\mathtt' in version `normal'
(Font)                  OT1/lmtt/m/n --> TU/lmtt/m/n on input line 123.
LaTeX Font Info:    Overwriting math alphabet `\mathtt' in version `bold'
(Font)                  OT1/lmtt/m/n --> TU/lmtt/bx/n on input line 123.

Package fontspec Info: latinmodern-math scale = 1.


Package fontspec Info: latinmodern-math scale = 1.


Package fontspec Info: latinmodern-math scale = 1.


Package fontspec Info: Font family 'latinmodern-math.otf(0)' created for font
(fontspec)             'latinmodern-math.otf' with options
(fontspec)             [Ligatures=TeX,Scale=MatchLowercase,BoldItalicFont={},It
alicFont={},SmallCapsFont={},Script=Math,BoldFont={latinmodern-math.otf}].
(fontspec)              
(fontspec)              This font family consists of the following NFSS
(fontspec)             series/shapes:
(fontspec)              
(fontspec)             - 'normal' (m/n) with NFSS spec.:
(fontspec)             <->s*[1]"[latinmodern-math.otf]/OT:script=math;language=
DFLT;mapping=tex-text;"
(fontspec)             - 'small caps'  (m/sc) with NFSS spec.: 
(fontspec)             - 'bold' (bx/n) with NFSS spec.:
(fontspec)             <->s*[1]"[latinmodern-math.otf]/OT:script=math;language=
DFLT;mapping=tex-text;"
(fontspec)             - 'bold small caps'  (bx/sc) with NFSS spec.: 

LaTeX Font Info:    Font shape `TU/latinmodern-math.otf(0)/m/n' will be
(Font)              scaled to size 10.0pt on input line 123.

Package fontspec Info: latinmodern-math scale = 1.


Package fontspec Info: latinmodern-math scale = 1.


Package fontspec Info: latinmodern-math scale = 1.


Package fontspec Info: latinmodern-math scale = 1.


Package fontspec Info: latinmodern-math scale = 1.


Package fontspec Info: Font family 'latinmodern-math.otf(1)' created for font
(fontspec)             'latinmodern-math.otf' with options
(fontspec)             [Ligatures=TeX,Scale=MatchLowercase,BoldItalicFont={},It
alicFont={},SmallCapsFont={},Script=Math,SizeFeatures={{Size=8.5-},{Size=6-8.5,
Font=latinmodern-math.otf,Style=MathScript},{Size=-6,Font=latinmodern-math.otf,
Style=MathScriptScript}},BoldFont={latinmodern-math.otf}].
(fontspec)              
(fontspec)              This font family consists of the following NFSS
(fontspec)             series/shapes:
(fontspec)              
(fontspec)             - 'normal' (m/n) with NFSS spec.:
(fontspec)             <8.5->s*[1]"[latinmodern-math.otf]/OT:script=math;langua
ge=DFLT;mapping=tex-text;"<6-8.5>s*[1]"[latinmodern-math.otf]/OT:script=math;la
nguage=DFLT;+ssty=0;mapping=tex-text;"<-6>s*[1]"[latinmodern-math.otf]/OT:scrip
t=math;language=DFLT;+ssty=1;mapping=tex-text;"
(fontspec)             - 'small caps'  (m/sc) with NFSS spec.: 
(fontspec)             - 'bold' (bx/n) with NFSS spec.:
(fontspec)             <->s*[1]"[latinmodern-math.otf]/OT:script=math;language=
DFLT;mapping=tex-text;"
(fontspec)             - 'bold small caps'  (bx/sc) with NFSS spec.: 

LaTeX Font Info:    Font shape `TU/latinmodern-math.otf(1)/m/n' will be
(Font)              scaled to size 10.0pt on input line 123.
LaTeX Font Info:    Encoding `OT1' has changed to `TU' for symbol font
(Font)              `operators' in the math version `normal' on input line 123.

LaTeX Font Info:    Overwriting symbol font `operators' in version `normal'
(Font)                  OT1/lmr/m/n --> TU/latinmodern-math.otf(1)/m/n on input
 line 123.
LaTeX Font Info:    Encoding `OT1' has changed to `TU' for symbol font
(Font)              `operators' in the math version `bold' on input line 123.
LaTeX Font Info:    Overwriting symbol font `operators' in version `bold'
(Font)                  OT1/lmr/bx/n --> TU/latinmodern-math.otf(1)/bx/n on inp
ut line 123.

Package fontspec Info: latinmodern-math scale = 1.


Package fontspec Info: latinmodern-math scale = 1.0001.


Package fontspec Info: latinmodern-math scale = 1.


Package fontspec Info: latinmodern-math scale = 1.0001.


Package fontspec Info: latinmodern-math scale = 1.


Package fontspec Info: latinmodern-math scale = 1.0001.


Package fontspec Info: latinmodern-math scale = 1.


Package fontspec Info: latinmodern-math scale = 1.0001.


Package fontspec Info: latinmodern-math scale = 1.


Package fontspec Info: latinmodern-math scale = 1.0001.


Package fontspec Info: Font family 'latinmodern-math.otf(2)' created for font
(fontspec)             'latinmodern-math.otf' with options
(fontspec)             [Ligatures=TeX,Scale=MatchLowercase,BoldItalicFont={},It
alicFont={},SmallCapsFont={},Script=Math,SizeFeatures={{Size=8.5-},{Size=6-8.5,
Font=latinmodern-math.otf,Style=MathScript},{Size=-6,Font=latinmodern-math.otf,
Style=MathScriptScript}},BoldFont={latinmodern-math.otf},ScaleAgain=1.0001,Font
Adjustment={\fontdimen
(fontspec)             8\font =6.77pt\relax \fontdimen 9\font =3.94pt\relax
(fontspec)             \fontdimen 10\font =4.44pt\relax \fontdimen 11\font
(fontspec)             =6.86pt\relax \fontdimen 12\font =3.45pt\relax
(fontspec)             \fontdimen 13\font =3.63pt\relax \fontdimen 14\font
(fontspec)             =3.63pt\relax \fontdimen 15\font =2.89pt\relax
(fontspec)             \fontdimen 16\font =2.47pt\relax \fontdimen 17\font
(fontspec)             =2.47pt\relax \fontdimen 18\font =2.5pt\relax
(fontspec)             \fontdimen 19\font =2.0pt\relax \fontdimen 22\font
(fontspec)             =2.5pt\relax \fontdimen 20\font =0pt\relax \fontdimen
(fontspec)             21\font =0pt\relax }].
(fontspec)              
(fontspec)              This font family consists of the following NFSS
(fontspec)             series/shapes:
(fontspec)              
(fontspec)             - 'normal' (m/n) with NFSS spec.:
(fontspec)             <8.5->s*[1.0001]"[latinmodern-math.otf]/OT:script=math;l
anguage=DFLT;mapping=tex-text;"<6-8.5>s*[1.0001]"[latinmodern-math.otf]/OT:scri
pt=math;language=DFLT;+ssty=0;mapping=tex-text;"<-6>s*[1.0001]"[latinmodern-mat
h.otf]/OT:script=math;language=DFLT;+ssty=1;mapping=tex-text;"
(fontspec)             - 'small caps'  (m/sc) with NFSS spec.: 
(fontspec)             and font adjustment code:
(fontspec)             \fontdimen 8\font =6.77pt\relax \fontdimen 9\font
(fontspec)             =3.94pt\relax \fontdimen 10\font =4.44pt\relax
(fontspec)             \fontdimen 11\font =6.86pt\relax \fontdimen 12\font
(fontspec)             =3.45pt\relax \fontdimen 13\font =3.63pt\relax
(fontspec)             \fontdimen 14\font =3.63pt\relax \fontdimen 15\font
(fontspec)             =2.89pt\relax \fontdimen 16\font =2.47pt\relax
(fontspec)             \fontdimen 17\font =2.47pt\relax \fontdimen 18\font
(fontspec)             =2.5pt\relax \fontdimen 19\font =2.0pt\relax \fontdimen
(fontspec)             22\font =2.5pt\relax \fontdimen 20\font =0pt\relax
(fontspec)             \fontdimen 21\font =0pt\relax 
(fontspec)             - 'bold' (bx/n) with NFSS spec.:
(fontspec)             <->s*[1.0001]"[latinmodern-math.otf]/OT:script=math;lang
uage=DFLT;mapping=tex-text;"
(fontspec)             - 'bold small caps'  (bx/sc) with NFSS spec.: 
(fontspec)             and font adjustment code:
(fontspec)             \fontdimen 8\font =6.77pt\relax \fontdimen 9\font
(fontspec)             =3.94pt\relax \fontdimen 10\font =4.44pt\relax
(fontspec)             \fontdimen 11\font =6.86pt\relax \fontdimen 12\font
(fontspec)             =3.45pt\relax \fontdimen 13\font =3.63pt\relax
(fontspec)             \fontdimen 14\font =3.63pt\relax \fontdimen 15\font
(fontspec)             =2.89pt\relax \fontdimen 16\font =2.47pt\relax
(fontspec)             \fontdimen 17\font =2.47pt\relax \fontdimen 18\font
(fontspec)             =2.5pt\relax \fontdimen 19\font =2.0pt\relax \fontdimen
(fontspec)             22\font =2.5pt\relax \fontdimen 20\font =0pt\relax
(fontspec)             \fontdimen 21\font =0pt\relax 

LaTeX Font Info:    Encoding `OMS' has changed to `TU' for symbol font
(Font)              `symbols' in the math version `normal' on input line 123.
LaTeX Font Info:    Overwriting symbol font `symbols' in version `normal'
(Font)                  OMS/lmsy/m/n --> TU/latinmodern-math.otf(2)/m/n on inpu
t line 123.
LaTeX Font Info:    Encoding `OMS' has changed to `TU' for symbol font
(Font)              `symbols' in the math version `bold' on input line 123.
LaTeX Font Info:    Overwriting symbol font `symbols' in version `bold'
(Font)                  OMS/lmsy/b/n --> TU/latinmodern-math.otf(2)/bx/n on inp
ut line 123.

Package fontspec Info: latinmodern-math scale = 1.


Package fontspec Info: latinmodern-math scale = 0.9999.


Package fontspec Info: latinmodern-math scale = 1.


Package fontspec Info: latinmodern-math scale = 0.9999.


Package fontspec Info: latinmodern-math scale = 1.


Package fontspec Info: latinmodern-math scale = 0.9999.


Package fontspec Info: latinmodern-math scale = 1.


Package fontspec Info: latinmodern-math scale = 0.9999.


Package fontspec Info: latinmodern-math scale = 1.


Package fontspec Info: latinmodern-math scale = 0.9999.


Package fontspec Info: Font family 'latinmodern-math.otf(3)' created for font
(fontspec)             'latinmodern-math.otf' with options
(fontspec)             [Ligatures=TeX,Scale=MatchLowercase,BoldItalicFont={},It
alicFont={},SmallCapsFont={},Script=Math,SizeFeatures={{Size=8.5-},{Size=6-8.5,
Font=latinmodern-math.otf,Style=MathScript},{Size=-6,Font=latinmodern-math.otf,
Style=MathScriptScript}},BoldFont={latinmodern-math.otf},ScaleAgain=0.9999,Font
Adjustment={\fontdimen
(fontspec)             8\font =0.4pt\relax \fontdimen 9\font =2.0pt\relax
(fontspec)             \fontdimen 10\font =1.67pt\relax \fontdimen 11\font
(fontspec)             =1.11pt\relax \fontdimen 12\font =6.0pt\relax
(fontspec)             \fontdimen 13\font =0pt\relax }].
(fontspec)              
(fontspec)              This font family consists of the following NFSS
(fontspec)             series/shapes:
(fontspec)              
(fontspec)             - 'normal' (m/n) with NFSS spec.:
(fontspec)             <8.5->s*[0.9999]"[latinmodern-math.otf]/OT:script=math;l
anguage=DFLT;mapping=tex-text;"<6-8.5>s*[0.9999]"[latinmodern-math.otf]/OT:scri
pt=math;language=DFLT;+ssty=0;mapping=tex-text;"<-6>s*[0.9999]"[latinmodern-mat
h.otf]/OT:script=math;language=DFLT;+ssty=1;mapping=tex-text;"
(fontspec)             - 'small caps'  (m/sc) with NFSS spec.: 
(fontspec)             and font adjustment code:
(fontspec)             \fontdimen 8\font =0.4pt\relax \fontdimen 9\font
(fontspec)             =2.0pt\relax \fontdimen 10\font =1.67pt\relax
(fontspec)             \fontdimen 11\font =1.11pt\relax \fontdimen 12\font
(fontspec)             =6.0pt\relax \fontdimen 13\font =0pt\relax 
(fontspec)             - 'bold' (bx/n) with NFSS spec.:
(fontspec)             <->s*[0.9999]"[latinmodern-math.otf]/OT:script=math;lang
uage=DFLT;mapping=tex-text;"
(fontspec)             - 'bold small caps'  (bx/sc) with NFSS spec.: 
(fontspec)             and font adjustment code:
(fontspec)             \fontdimen 8\font =0.4pt\relax \fontdimen 9\font
(fontspec)             =2.0pt\relax \fontdimen 10\font =1.67pt\relax
(fontspec)             \fontdimen 11\font =1.11pt\relax \fontdimen 12\font
(fontspec)             =6.0pt\relax \fontdimen 13\font =0pt\relax 

LaTeX Font Info:    Encoding `OMX' has changed to `TU' for symbol font
(Font)              `largesymbols' in the math version `normal' on input line 1
23.
LaTeX Font Info:    Overwriting symbol font `largesymbols' in version `normal'
(Font)                  OMX/lmex/m/n --> TU/latinmodern-math.otf(3)/m/n on inpu
t line 123.
LaTeX Font Info:    Encoding `OMX' has changed to `TU' for symbol font
(Font)              `largesymbols' in the math version `bold' on input line 123
.
LaTeX Font Info:    Overwriting symbol font `largesymbols' in version `bold'
(Font)                  OMX/lmex/m/n --> TU/latinmodern-math.otf(3)/bx/n on inp
ut line 123.
LaTeX Info: Redefining \microtypecontext on input line 123.
Package microtype Info: Character protrusion enabled (level 2).
Package microtype Info: Using protrusion set `basicmath'.
Package microtype Info: No adjustment of tracking.
Package microtype Info: No adjustment of spacing.
Package microtype Info: No adjustment of kerning.

(/usr/local/texlive/2019/texmf-dist/tex/latex/microtype/mt-LatinModernRoman.cfg
File: mt-LatinModernRoman.cfg 2013/03/13 v1.0 microtype config. file: Latin Mod
ern Roman (RS)
)
\AtBeginShipoutBox=\box55
Package hyperref Info: Link coloring OFF on input line 123.
(/usr/local/texlive/2019/texmf-dist/tex/latex/hyperref/nameref.sty
Package: nameref 2016/05/21 v2.44 Cross-referencing by name of section
(/usr/local/texlive/2019/texmf-dist/tex/generic/oberdiek/gettitlestring.sty
Package: gettitlestring 2016/05/16 v1.5 Cleanup title references (HO)
)
\c@section@level=\count299
)
LaTeX Info: Redefining \ref on input line 123.
LaTeX Info: Redefining \pageref on input line 123.
LaTeX Info: Redefining \nameref on input line 123.
(./foundational_statistics.out) (./foundational_statistics.out)
\@outlinefile=\write4
\openout4 = `foundational_statistics.out'.

LaTeX Font Info:    Font shape `TU/latinmodern-math.otf(1)/m/n' will be
(Font)              scaled to size 12.0pt on input line 125.
LaTeX Font Info:    Font shape `TU/latinmodern-math.otf(1)/m/n' will be
(Font)              scaled to size 8.0pt on input line 125.
LaTeX Font Info:    Font shape `TU/latinmodern-math.otf(1)/m/n' will be
(Font)              scaled to size 6.0pt on input line 125.
LaTeX Font Info:    Try loading font information for OML+lmm on input line 125.

(/usr/local/texlive/2019/texmf-dist/tex/latex/lm/omllmm.fd
File: omllmm.fd 2009/10/30 v1.6 Font defs for Latin Modern
)
LaTeX Font Info:    Font shape `TU/latinmodern-math.otf(2)/m/n' will be
(Font)              scaled to size 12.00128pt on input line 125.
LaTeX Font Info:    Font shape `TU/latinmodern-math.otf(2)/m/n' will be
(Font)              scaled to size 8.00085pt on input line 125.
LaTeX Font Info:    Font shape `TU/latinmodern-math.otf(2)/m/n' will be
(Font)              scaled to size 6.00064pt on input line 125.
LaTeX Font Info:    Font shape `TU/latinmodern-math.otf(3)/m/n' will be
(Font)              scaled to size 11.99872pt on input line 125.
LaTeX Font Info:    Font shape `TU/latinmodern-math.otf(3)/m/n' will be
(Font)              scaled to size 7.99915pt on input line 125.
LaTeX Font Info:    Font shape `TU/latinmodern-math.otf(3)/m/n' will be
(Font)              scaled to size 5.99936pt on input line 125.
LaTeX Font Info:    Try loading font information for U+msa on input line 125.
(/usr/local/texlive/2019/texmf-dist/tex/latex/amsfonts/umsa.fd
File: umsa.fd 2013/01/14 v3.01 AMS symbols A
) (/usr/local/texlive/2019/texmf-dist/tex/latex/microtype/mt-msa.cfg
File: mt-msa.cfg 2006/02/04 v1.1 microtype config. file: AMS symbols (a) (RS)
)
LaTeX Font Info:    Try loading font information for U+msb on input line 125.
(/usr/local/texlive/2019/texmf-dist/tex/latex/amsfonts/umsb.fd
File: umsb.fd 2013/01/14 v3.01 AMS symbols B
) (/usr/local/texlive/2019/texmf-dist/tex/latex/microtype/mt-msb.cfg
File: mt-msb.cfg 2005/06/01 v1.0 microtype config. file: AMS symbols (b) (RS)
) [1


] [2

] (./foundational_statistics.toc
LaTeX Font Info:    Font shape `TU/latinmodern-math.otf(1)/m/n' will be
(Font)              scaled to size 7.0pt on input line 3.
LaTeX Font Info:    Font shape `TU/latinmodern-math.otf(1)/m/n' will be
(Font)              scaled to size 5.0pt on input line 3.
LaTeX Font Info:    Font shape `TU/latinmodern-math.otf(2)/m/n' will be
(Font)              scaled to size 10.00107pt on input line 3.
LaTeX Font Info:    Font shape `TU/latinmodern-math.otf(2)/m/n' will be
(Font)              scaled to size 7.00075pt on input line 3.
LaTeX Font Info:    Font shape `TU/latinmodern-math.otf(2)/m/n' will be
(Font)              scaled to size 5.00053pt on input line 3.
LaTeX Font Info:    Font shape `TU/latinmodern-math.otf(3)/m/n' will be
(Font)              scaled to size 9.99893pt on input line 3.
LaTeX Font Info:    Font shape `TU/latinmodern-math.otf(3)/m/n' will be
(Font)              scaled to size 6.99925pt on input line 3.
LaTeX Font Info:    Font shape `TU/latinmodern-math.otf(3)/m/n' will be
(Font)              scaled to size 4.99947pt on input line 3.
[3] [4])
\tf@toc=\write5
\openout5 = `foundational_statistics.toc'.

[5] [6

]
Chapter 1.
[7] [8

]
Chapter 2.
[9] [10]
Chapter 3.

Underfull \vbox (badness 2221) has occurred while \output is active []

[11

] [12] [13] [14

]
Chapter 4.

Underfull \vbox (badness 3525) has occurred while \output is active []

[15] [16] [17] [18

]
Chapter 5.
[19]
File: /Users/csmall/github_repos/Found_Stat/images/MacTerminal.png Graphic file
 (type bmp)
</Users/csmall/github_repos/Found_Stat/images/MacTerminal.png>

Underfull \hbox (badness 1635) in paragraph at lines 574--576
[]\TU/lmr/m/n/10 At this point you should have command line access through a te
rmi-
 []

[20]
File: /Users/csmall/github_repos/Found_Stat/images/Directory_example.jpeg Graph
ic file (type bmp)
</Users/csmall/github_repos/Found_Stat/images/Directory_example.jpeg>

Overfull \hbox (161.43185pt too wide) in paragraph at lines 590--592
\TU/lmr/m/n/10 navigation from the commmand line: [] 
 []


Underfull \vbox (badness 10000) has occurred while \output is active []

[21]
File: /Users/csmall/github_repos/Found_Stat/images/MacTerminal_2.png Graphic fi
le (type bmp)
</Users/csmall/github_repos/Found_Stat/images/MacTerminal_2.png>

Overfull \hbox (188.67497pt too wide) in paragraph at lines 593--595
\TU/lmr/m/n/10 my terminal and see if you can follow along: [] 
 []

[22] [23]
Underfull \hbox (badness 1331) in paragraph at lines 640--641
\TU/lmr/m/n/10 that sytax looks like this: \TU/lmtt/m/n/10 sed []s/query/replac
ement/flag[] filename\TU/lmr/m/n/10 .
 []


Underfull \hbox (badness 5260) in paragraph at lines 640--641
\TU/lmtt/m/n/10 sed []s/^embryo_/^larva_/g[] zfish_data.tsv \TU/lmr/m/n/10 woul
d perform a global
 []

[24] [25] [26]
Underfull \hbox (badness 10000) in paragraph at lines 711--713
[][]$[][][][][] [] [] [] [][][] [] [][][][][][][][] [] [][][] [] [][][][][][][]
 [] [][][][][][][][][][][][] [][] [][] [][] [][][][][] [][] [][][] [][] [][][][
] [][]
 []

[27] [28

]
Chapter 6.
LaTeX Font Info:    Font shape `TU/lmtt/bx/n' in size <14.4> not available
(Font)              Font shape `TU/lmtt/b/n' tried instead on input line 725.
File: /Users/csmall/github_repos/Found_Stat/images/R_definitions_Logan.001.jpeg
 Graphic file (type bmp)
</Users/csmall/github_repos/Found_Stat/images/R_definitions_Logan.001.jpeg>

Underfull \vbox (badness 3623) has occurred while \output is active []

[29] [30]
File: /Users/csmall/github_repos/Found_Stat/images/R_definitions_Logan.002.jpeg
 Graphic file (type bmp)
</Users/csmall/github_repos/Found_Stat/images/R_definitions_Logan.002.jpeg>
File: /Users/csmall/github_repos/Found_Stat/images/MacTerminal_3.png Graphic fi
le (type bmp)
</Users/csmall/github_repos/Found_Stat/images/MacTerminal_3.png>

Overfull \hbox (64.53497pt too wide) in paragraph at lines 775--777
\TU/lmr/m/n/10 looks like this: [] 
 []


Underfull \vbox (badness 10000) has occurred while \output is active []

[31]
File: /Users/csmall/github_repos/Found_Stat/images/R_definitions_Logan.003.jpeg
 Graphic file (type bmp)
</Users/csmall/github_repos/Found_Stat/images/R_definitions_Logan.003.jpeg>

Overfull \hbox (70.36385pt too wide) in paragraph at lines 782--784
\TU/lmr/m/n/10 bels, of course): [] 
 []


Underfull \vbox (badness 10000) has occurred while \output is active []

[32] [33]
LaTeX Font Info:    Font shape `TU/lmtt/bx/n' in size <10> not available
(Font)              Font shape `TU/lmtt/b/n' tried instead on input line 810.
[34] [35] [36]
Overfull \hbox (90.75pt too wide) in paragraph at lines 1070--1070
[]\TU/lmtt/m/n/10 ##   [1]  0.0  0.1  0.2  0.3  0.4  0.5  0.6  0.7  0.8  0.9  1
.0  1.1  1.2  1.3  1.4[] 
 []


Overfull \hbox (90.75pt too wide) in paragraph at lines 1070--1070
[]\TU/lmtt/m/n/10 ##  [16]  1.5  1.6  1.7  1.8  1.9  2.0  2.1  2.2  2.3  2.4  2
.5  2.6  2.7  2.8  2.9[] 
 []


Overfull \hbox (90.75pt too wide) in paragraph at lines 1070--1070
[]\TU/lmtt/m/n/10 ##  [31]  3.0  3.1  3.2  3.3  3.4  3.5  3.6  3.7  3.8  3.9  4
.0  4.1  4.2  4.3  4.4[] 
 []


Overfull \hbox (90.75pt too wide) in paragraph at lines 1070--1070
[]\TU/lmtt/m/n/10 ##  [46]  4.5  4.6  4.7  4.8  4.9  5.0  5.1  5.2  5.3  5.4  5
.5  5.6  5.7  5.8  5.9[] 
 []


Overfull \hbox (90.75pt too wide) in paragraph at lines 1070--1070
[]\TU/lmtt/m/n/10 ##  [61]  6.0  6.1  6.2  6.3  6.4  6.5  6.6  6.7  6.8  6.9  7
.0  7.1  7.2  7.3  7.4[] 
 []


Overfull \hbox (90.75pt too wide) in paragraph at lines 1070--1070
[]\TU/lmtt/m/n/10 ##  [76]  7.5  7.6  7.7  7.8  7.9  8.0  8.1  8.2  8.3  8.4  8
.5  8.6  8.7  8.8  8.9[] 
 []


Overfull \hbox (90.75pt too wide) in paragraph at lines 1087--1087
[]\TU/lmtt/m/n/10 ##   [1] 10.0  9.9  9.8  9.7  9.6  9.5  9.4  9.3  9.2  9.1  9
.0  8.9  8.8  8.7  8.6[] 
 []


Overfull \hbox (90.75pt too wide) in paragraph at lines 1087--1087
[]\TU/lmtt/m/n/10 ##  [16]  8.5  8.4  8.3  8.2  8.1  8.0  7.9  7.8  7.7  7.6  7
.5  7.4  7.3  7.2  7.1[] 
 []


Overfull \hbox (90.75pt too wide) in paragraph at lines 1087--1087
[]\TU/lmtt/m/n/10 ##  [31]  7.0  6.9  6.8  6.7  6.6  6.5  6.4  6.3  6.2  6.1  6
.0  5.9  5.8  5.7  5.6[] 
 []


Overfull \hbox (90.75pt too wide) in paragraph at lines 1087--1087
[]\TU/lmtt/m/n/10 ##  [46]  5.5  5.4  5.3  5.2  5.1  5.0  4.9  4.8  4.7  4.6  4
.5  4.4  4.3  4.2  4.1[] 
 []


Overfull \hbox (90.75pt too wide) in paragraph at lines 1087--1087
[]\TU/lmtt/m/n/10 ##  [61]  4.0  3.9  3.8  3.7  3.6  3.5  3.4  3.3  3.2  3.1  3
.0  2.9  2.8  2.7  2.6[] 
 []


Overfull \hbox (90.75pt too wide) in paragraph at lines 1087--1087
[]\TU/lmtt/m/n/10 ##  [76]  2.5  2.4  2.3  2.2  2.1  2.0  1.9  1.8  1.7  1.6  1
.5  1.4  1.3  1.2  1.1[] 
 []


Overfull \hbox (64.5pt too wide) in paragraph at lines 1108--1108
[]\TU/lmtt/m/n/10 ##   [1] 100.00  98.01  96.04  94.09  92.16  90.25  88.36  86
.49  84.64  82.81[] 
 []


Overfull \hbox (64.5pt too wide) in paragraph at lines 1108--1108
[]\TU/lmtt/m/n/10 ##  [11]  81.00  79.21  77.44  75.69  73.96  72.25  70.56  68
.89  67.24  65.61[] 
 []


Overfull \hbox (64.5pt too wide) in paragraph at lines 1108--1108
[]\TU/lmtt/m/n/10 ##  [21]  64.00  62.41  60.84  59.29  57.76  56.25  54.76  53
.29  51.84  50.41[] 
 []


Overfull \hbox (64.5pt too wide) in paragraph at lines 1108--1108
[]\TU/lmtt/m/n/10 ##  [31]  49.00  47.61  46.24  44.89  43.56  42.25  40.96  39
.69  38.44  37.21[] 
 []


Overfull \hbox (64.5pt too wide) in paragraph at lines 1108--1108
[]\TU/lmtt/m/n/10 ##  [41]  36.00  34.81  33.64  32.49  31.36  30.25  29.16  28
.09  27.04  26.01[] 
 []


Overfull \hbox (64.5pt too wide) in paragraph at lines 1108--1108
[]\TU/lmtt/m/n/10 ##  [51]  25.00  24.01  23.04  22.09  21.16  20.25  19.36  18
.49  17.64  16.81[] 
 []


Overfull \hbox (64.5pt too wide) in paragraph at lines 1108--1108
[]\TU/lmtt/m/n/10 ##  [61]  16.00  15.21  14.44  13.69  12.96  12.25  11.56  10
.89  10.24   9.61[] 
 []


Overfull \hbox (64.5pt too wide) in paragraph at lines 1108--1108
[]\TU/lmtt/m/n/10 ##  [71]   9.00   8.41   7.84   7.29   6.76   6.25   5.76   5
.29   4.84   4.41[] 
 []


Overfull \hbox (64.5pt too wide) in paragraph at lines 1108--1108
[]\TU/lmtt/m/n/10 ##  [81]   4.00   3.61   3.24   2.89   2.56   2.25   1.96   1
.69   1.44   1.21[] 
 []


Overfull \hbox (64.5pt too wide) in paragraph at lines 1108--1108
[]\TU/lmtt/m/n/10 ##  [91]   1.00   0.81   0.64   0.49   0.36   0.25   0.16   0
.09   0.04   0.01[] 
 []


Overfull \hbox (64.5pt too wide) in paragraph at lines 1129--1129
[]\TU/lmtt/m/n/10 ##   [1] 100.00  98.01  96.04  94.09  92.16  90.25  88.36  86
.49  84.64  82.81[] 
 []


Overfull \hbox (64.5pt too wide) in paragraph at lines 1129--1129
[]\TU/lmtt/m/n/10 ##  [11]  81.00  79.21  77.44  75.69  73.96  72.25  70.56  68
.89  67.24  65.61[] 
 []

[37]
Overfull \hbox (64.5pt too wide) in paragraph at lines 1129--1129
[]\TU/lmtt/m/n/10 ##  [21]  64.00  62.41  60.84  59.29  57.76  56.25  54.76  53
.29  51.84  50.41[] 
 []


Overfull \hbox (64.5pt too wide) in paragraph at lines 1129--1129
[]\TU/lmtt/m/n/10 ##  [31]  49.00  47.61  46.24  44.89  43.56  42.25  40.96  39
.69  38.44  37.21[] 
 []


Overfull \hbox (64.5pt too wide) in paragraph at lines 1129--1129
[]\TU/lmtt/m/n/10 ##  [41]  36.00  34.81  33.64  32.49  31.36  30.25  29.16  28
.09  27.04  26.01[] 
 []


Overfull \hbox (64.5pt too wide) in paragraph at lines 1129--1129
[]\TU/lmtt/m/n/10 ##  [51]  25.00  24.01  23.04  22.09  21.16  20.25  19.36  18
.49  17.64  16.81[] 
 []


Overfull \hbox (64.5pt too wide) in paragraph at lines 1129--1129
[]\TU/lmtt/m/n/10 ##  [61]  16.00  15.21  14.44  13.69  12.96  12.25  11.56  10
.89  10.24   9.61[] 
 []


Overfull \hbox (64.5pt too wide) in paragraph at lines 1129--1129
[]\TU/lmtt/m/n/10 ##  [71]   9.00   8.41   7.84   7.29   6.76   6.25   5.76   5
.29   4.84   4.41[] 
 []


Overfull \hbox (64.5pt too wide) in paragraph at lines 1129--1129
[]\TU/lmtt/m/n/10 ##  [81]   4.00   3.61   3.24   2.89   2.56   2.25   1.96   1
.69   1.44   1.21[] 
 []


Overfull \hbox (64.5pt too wide) in paragraph at lines 1129--1129
[]\TU/lmtt/m/n/10 ##  [91]   1.00   0.81   0.64   0.49   0.36   0.25   0.16   0
.09   0.04   0.01[] 
 []

File: foundational_statistics_files/figure-latex/Samples from distributions 1-1
.pdf Graphic file (type pdf)
<use foundational_statistics_files/figure-latex/Samples from distributions 1-1.
pdf>

Overfull \hbox (109.3802pt too wide) in paragraph at lines 1147--1148
[]\TU/lmr/m/n/10 from distributions 1-1.bb [] 
 []

[38]
Overfull \hbox (75.0pt too wide) in paragraph at lines 1183--1183
[]\TU/lmtt/m/n/10 ##   [1]   50.157832   63.136887  -54.873824   36.341080  112
.605766   83.139587[] 
 []


Overfull \hbox (75.0pt too wide) in paragraph at lines 1183--1183
[]\TU/lmtt/m/n/10 ##   [7]  -69.953528  -33.673726  -30.288692  206.454567 -104
.185929 -125.719462[] 
 []


Overfull \hbox (75.0pt too wide) in paragraph at lines 1183--1183
[]\TU/lmtt/m/n/10 ##  [13]  -53.382693  111.185426   42.121898  -36.603515   77
.052453   25.013531[] 
 []


Overfull \hbox (75.0pt too wide) in paragraph at lines 1183--1183
[]\TU/lmtt/m/n/10 ##  [19]   38.403640   31.528277  -93.704517 -302.269355  113
.488161  -25.429816[] 
 []


Overfull \hbox (75.0pt too wide) in paragraph at lines 1183--1183
[]\TU/lmtt/m/n/10 ##  [25]  -12.550136  -26.410952  -33.973197   47.305369 -121
.865180  -45.298142[] 
 []


Overfull \hbox (75.0pt too wide) in paragraph at lines 1183--1183
[]\TU/lmtt/m/n/10 ##  [31] -218.129858  -84.966582  -98.352161  -54.030091   10
.314356   38.720494[] 
 []


Overfull \hbox (75.0pt too wide) in paragraph at lines 1183--1183
[]\TU/lmtt/m/n/10 ##  [37]  -44.384576 -175.615366  -72.231175  -19.198160  -43
.342318  -25.019345[] 
 []


Overfull \hbox (75.0pt too wide) in paragraph at lines 1183--1183
[]\TU/lmtt/m/n/10 ##  [43] -101.527149   64.741076 -103.511698  -58.025211  120
.087321   14.059882[] 
 []


Overfull \hbox (75.0pt too wide) in paragraph at lines 1183--1183
[]\TU/lmtt/m/n/10 ##  [49]  -15.417569  -51.281519   87.185380  -64.045187  -19
.903225   89.276656[] 
 []


Overfull \hbox (75.0pt too wide) in paragraph at lines 1183--1183
[]\TU/lmtt/m/n/10 ##  [55]  -26.761768  128.099821  -21.930537 -119.464433   -3
.960663 -229.759354[] 
 []


Overfull \hbox (75.0pt too wide) in paragraph at lines 1183--1183
[]\TU/lmtt/m/n/10 ##  [61]  -33.199630  -15.040909  132.765643  -44.413753  -53
.587042  -19.843694[] 
 []


Overfull \hbox (75.0pt too wide) in paragraph at lines 1183--1183
[]\TU/lmtt/m/n/10 ##  [67]   73.837308  127.838360  167.769834 -167.090259  -54
.406245  -53.261368[] 
 []


Overfull \hbox (75.0pt too wide) in paragraph at lines 1183--1183
[]\TU/lmtt/m/n/10 ##  [73]  -97.961410    4.572084  -69.404197  -30.042415   23
.455871 -146.680310[] 
 []


Overfull \hbox (75.0pt too wide) in paragraph at lines 1183--1183
[]\TU/lmtt/m/n/10 ##  [79]  -16.783562 -103.133123   17.719057   17.902750  -40
.681669  -64.133786[] 
 []


Overfull \hbox (75.0pt too wide) in paragraph at lines 1183--1183
[]\TU/lmtt/m/n/10 ##  [85]  -57.770341   37.683332   -2.595933 -129.103872   81
.540785  -75.901984[] 
 []


Overfull \hbox (75.0pt too wide) in paragraph at lines 1183--1183
[]\TU/lmtt/m/n/10 ##  [91]  -36.606088  -28.767307  163.605457    9.932433   85
.160330  -54.588990[] 
 []

File: foundational_statistics_files/figure-latex/Samples from distributions 2-1
.pdf Graphic file (type pdf)
<use foundational_statistics_files/figure-latex/Samples from distributions 2-1.
pdf>

Overfull \hbox (109.35944pt too wide) in paragraph at lines 1191--1192
[]\TU/lmr/m/n/10 from distributions 2-1.bb [] 
 []

File: foundational_statistics_files/figure-latex/Samples from distributions 2-2
.pdf Graphic file (type pdf)
<use foundational_statistics_files/figure-latex/Samples from distributions 2-2.
pdf>

Overfull \hbox (109.3685pt too wide) in paragraph at lines 1199--1200
[]\TU/lmr/m/n/10 from distributions 2-2.bb [] 
 []


Underfull \vbox (badness 10000) has occurred while \output is active []

[39] [40] [41] [42

]
Chapter 7.
[43]
Overfull \hbox (134.99452pt too wide) has occurred while \output is active
\TU/lmr/m/n/10 44 \TU/lmr/m/sl/10 CHAPTER 7.  MORE R FUNCTIONS, COMPLEX OBJECTS
, BASIC PLOTTING, AND RMARKDOWN
 []

[44]
LaTeX Font Info:    Font shape `TU/lmtt/bx/n' in size <12> not available
(Font)              Font shape `TU/lmtt/b/n' tried instead on input line 1342.
[45]
Overfull \hbox (134.99452pt too wide) has occurred while \output is active
\TU/lmr/m/n/10 46 \TU/lmr/m/sl/10 CHAPTER 7.  MORE R FUNCTIONS, COMPLEX OBJECTS
, BASIC PLOTTING, AND RMARKDOWN
 []

[46] [47]
Overfull \hbox (134.99452pt too wide) has occurred while \output is active
\TU/lmr/m/n/10 48 \TU/lmr/m/sl/10 CHAPTER 7.  MORE R FUNCTIONS, COMPLEX OBJECTS
, BASIC PLOTTING, AND RMARKDOWN
 []

[48]
Overfull \hbox (27.75pt too wide) in paragraph at lines 1623--1623
[]\TU/lmtt/m/n/10 ##                    mpg cyl disp  hp drat    wt  qsec vs am
 gear carb[] 
 []


Overfull \hbox (27.75pt too wide) in paragraph at lines 1623--1623
[]\TU/lmtt/m/n/10 ## Mazda RX4         21.0   6  160 110 3.90 2.620 16.46  0  1
    4    4[] 
 []


Overfull \hbox (27.75pt too wide) in paragraph at lines 1623--1623
[]\TU/lmtt/m/n/10 ## Mazda RX4 Wag     21.0   6  160 110 3.90 2.875 17.02  0  1
    4    4[] 
 []


Overfull \hbox (27.75pt too wide) in paragraph at lines 1623--1623
[]\TU/lmtt/m/n/10 ## Datsun 710        22.8   4  108  93 3.85 2.320 18.61  1  1
    4    1[] 
 []


Overfull \hbox (27.75pt too wide) in paragraph at lines 1623--1623
[]\TU/lmtt/m/n/10 ## Hornet 4 Drive    21.4   6  258 110 3.08 3.215 19.44  1  0
    3    1[] 
 []


Overfull \hbox (27.75pt too wide) in paragraph at lines 1623--1623
[]\TU/lmtt/m/n/10 ## Hornet Sportabout 18.7   8  360 175 3.15 3.440 17.02  0  0
    3    2[] 
 []


Overfull \hbox (27.75pt too wide) in paragraph at lines 1623--1623
[]\TU/lmtt/m/n/10 ## Valiant           18.1   6  225 105 2.76 3.460 20.22  1  0
    3    1[] 
 []

[49]
Overfull \hbox (134.99452pt too wide) has occurred while \output is active
\TU/lmr/m/n/10 50 \TU/lmr/m/sl/10 CHAPTER 7.  MORE R FUNCTIONS, COMPLEX OBJECTS
, BASIC PLOTTING, AND RMARKDOWN
 []

[50] [51]
Overfull \hbox (59.25pt too wide) in paragraph at lines 1770--1770
[]\TU/lmtt/m/n/10 ##  [1] "treatment" "treatment" "treatment" "treatment" "trea
tment" "control"[] 
 []


Overfull \hbox (69.75pt too wide) in paragraph at lines 1770--1770
[]\TU/lmtt/m/n/10 ##  [7] "control"   "control"   "treatment" "treatment" "trea
tment" "treatment"[] 
 []


Overfull \hbox (59.25pt too wide) in paragraph at lines 1770--1770
[]\TU/lmtt/m/n/10 ## [13] "control"   "control"   "control"   "control"   "cont
rol"   "control"[] 
 []


Overfull \hbox (54.0pt too wide) in paragraph at lines 1783--1783
[]\TU/lmtt/m/n/10 ##  [1] "red"  "red"  "red"  "red"  "red"  "blue" "blue" "blu
e" "red"  "red"[] 
 []


Overfull \hbox (134.99452pt too wide) has occurred while \output is active
\TU/lmr/m/n/10 52 \TU/lmr/m/sl/10 CHAPTER 7.  MORE R FUNCTIONS, COMPLEX OBJECTS
, BASIC PLOTTING, AND RMARKDOWN
 []

[52] [53]
Overfull \hbox (134.99452pt too wide) has occurred while \output is active
\TU/lmr/m/n/10 54 \TU/lmr/m/sl/10 CHAPTER 7.  MORE R FUNCTIONS, COMPLEX OBJECTS
, BASIC PLOTTING, AND RMARKDOWN
 []

[54] [55]
File: foundational_statistics_files/figure-latex/unnamed-chunk-36-1.pdf Graphic
 file (type pdf)
<use foundational_statistics_files/figure-latex/unnamed-chunk-36-1.pdf>
File: foundational_statistics_files/figure-latex/unnamed-chunk-37-1.pdf Graphic
 file (type pdf)
<use foundational_statistics_files/figure-latex/unnamed-chunk-37-1.pdf>

Underfull \vbox (badness 10000) has occurred while \output is active []


Overfull \hbox (134.99452pt too wide) has occurred while \output is active
\TU/lmr/m/n/10 56 \TU/lmr/m/sl/10 CHAPTER 7.  MORE R FUNCTIONS, COMPLEX OBJECTS
, BASIC PLOTTING, AND RMARKDOWN
 []

[56]
File: foundational_statistics_files/figure-latex/unnamed-chunk-38-1.pdf Graphic
 file (type pdf)
<use foundational_statistics_files/figure-latex/unnamed-chunk-38-1.pdf>

Underfull \vbox (badness 10000) has occurred while \output is active []

[57]
File: foundational_statistics_files/figure-latex/unnamed-chunk-39-1.pdf Graphic
 file (type pdf)
<use foundational_statistics_files/figure-latex/unnamed-chunk-39-1.pdf>

Underfull \vbox (badness 10000) has occurred while \output is active []


Overfull \hbox (134.99452pt too wide) has occurred while \output is active
\TU/lmr/m/n/10 58 \TU/lmr/m/sl/10 CHAPTER 7.  MORE R FUNCTIONS, COMPLEX OBJECTS
, BASIC PLOTTING, AND RMARKDOWN
 []

[58]
File: foundational_statistics_files/figure-latex/binomial function-1.pdf Graphi
c file (type pdf)
<use foundational_statistics_files/figure-latex/binomial function-1.pdf>

Overfull \hbox (60.3183pt too wide) in paragraph at lines 1968--1969
[]\TU/lmr/m/n/10 function-1.bb [] 
 []


Underfull \vbox (badness 10000) has occurred while \output is active []

[59]
File: foundational_statistics_files/figure-latex/unnamed-chunk-40-1.pdf Graphic
 file (type pdf)
<use foundational_statistics_files/figure-latex/unnamed-chunk-40-1.pdf>

Underfull \vbox (badness 10000) has occurred while \output is active []


Overfull \hbox (134.99452pt too wide) has occurred while \output is active
\TU/lmr/m/n/10 60 \TU/lmr/m/sl/10 CHAPTER 7.  MORE R FUNCTIONS, COMPLEX OBJECTS
, BASIC PLOTTING, AND RMARKDOWN
 []

[60]
File: foundational_statistics_files/figure-latex/unnamed-chunk-40-2.pdf Graphic
 file (type pdf)
<use foundational_statistics_files/figure-latex/unnamed-chunk-40-2.pdf>

Underfull \vbox (badness 2538) has occurred while \output is active []

[61]
Underfull \vbox (badness 3229) has occurred while \output is active []


Overfull \hbox (134.99452pt too wide) has occurred while \output is active
\TU/lmr/m/n/10 62 \TU/lmr/m/sl/10 CHAPTER 7.  MORE R FUNCTIONS, COMPLEX OBJECTS
, BASIC PLOTTING, AND RMARKDOWN
 []

[62] [63]
Underfull \hbox (badness 4805) in paragraph at lines 2118--2120
[][]$[][][][][] [] [] [] [][][] [] [][][][] [] [][][] [] [][] [] [][][][][][] [
] [][][][][][][][] [] [][][][][][][] [] [][][][][][] [] [][][][]$[] \TU/lmr/m/n
/10 - A
 []


Underfull \hbox (badness 10000) in paragraph at lines 2124--2125
[][]$[][][][][] [] [] [] [][][][][][][][][] [] [][][][][][][] [] [][][] [] [][]
[][][][] [][] [][] [] [][][][]$[] \TU/lmr/m/n/10 - \TU/lmtt/m/n/10 RMarkdown \T
U/lmr/m/n/10 cheat
 []


Overfull \hbox (134.99452pt too wide) has occurred while \output is active
\TU/lmr/m/n/10 64 \TU/lmr/m/sl/10 CHAPTER 7.  MORE R FUNCTIONS, COMPLEX OBJECTS
, BASIC PLOTTING, AND RMARKDOWN
 []

[64]
Chapter 8.
[65

]
Overfull \hbox (86.39453pt too wide) has occurred while \output is active
\TU/lmr/m/n/10 66 \TU/lmr/m/sl/10 CHAPTER 8.  INTRODUCTION TO PROBABILITY AND P
ROBABILITY DISTRIBUTIONS
 []

[66] [67]
Underfull \hbox (badness 10000) in paragraph at lines 2241--2242

 []


Overfull \hbox (86.39453pt too wide) has occurred while \output is active
\TU/lmr/m/n/10 68 \TU/lmr/m/sl/10 CHAPTER 8.  INTRODUCTION TO PROBABILITY AND P
ROBABILITY DISTRIBUTIONS
 []

[68] [69]
File: images/prob.017.jpeg Graphic file (type bmp)
<images/prob.017.jpeg>

LaTeX Font Warning: Command \large invalid in math mode on input line 2360.


Package amsmath Warning: Foreign command \atopwithdelims;
(amsmath)                \frac or \genfrac should be used instead
(amsmath)                 on input line 2360.

File: images/week_2.003.jpeg Graphic file (type bmp)
<images/week_2.003.jpeg>

Underfull \vbox (badness 4229) has occurred while \output is active []


Overfull \hbox (86.39453pt too wide) has occurred while \output is active
\TU/lmr/m/n/10 70 \TU/lmr/m/sl/10 CHAPTER 8.  INTRODUCTION TO PROBABILITY AND P
ROBABILITY DISTRIBUTIONS
 []

[70]
File: images/prob.018.jpeg Graphic file (type bmp)
<images/prob.018.jpeg>

Overfull \hbox (76.64343pt too wide) has occurred while \output is active
\TU/lmr/m/sl/10 8.9.  PROBABILITY DISTRIBUTIONS COMMONLY USED IN BIOLOGICAL STA
TISTICS \TU/lmr/m/n/10 71
 []

[71]
File: images/week_2.004.jpeg Graphic file (type bmp)
<images/week_2.004.jpeg>

Overfull \hbox (86.39453pt too wide) has occurred while \output is active
\TU/lmr/m/n/10 72 \TU/lmr/m/sl/10 CHAPTER 8.  INTRODUCTION TO PROBABILITY AND P
ROBABILITY DISTRIBUTIONS
 []

[72]
File: images/week_2.005.jpeg Graphic file (type bmp)
<images/week_2.005.jpeg>

Overfull \hbox (76.64343pt too wide) has occurred while \output is active
\TU/lmr/m/sl/10 8.9.  PROBABILITY DISTRIBUTIONS COMMONLY USED IN BIOLOGICAL STA
TISTICS \TU/lmr/m/n/10 73
 []

[73]
File: images/prob.019.jpeg Graphic file (type bmp)
<images/prob.019.jpeg>
File: images/prob.020.jpeg Graphic file (type bmp)
<images/prob.020.jpeg>

Overfull \hbox (86.39453pt too wide) has occurred while \output is active
\TU/lmr/m/n/10 74 \TU/lmr/m/sl/10 CHAPTER 8.  INTRODUCTION TO PROBABILITY AND P
ROBABILITY DISTRIBUTIONS
 []

[74]
File: images/week_2.032.jpeg Graphic file (type bmp)
<images/week_2.032.jpeg>

LaTeX Font Warning: Command \large invalid in math mode on input line 2593.


LaTeX Font Warning: Command \large invalid in math mode on input line 2595.


Overfull \hbox (76.64343pt too wide) has occurred while \output is active
\TU/lmr/m/sl/10 8.9.  PROBABILITY DISTRIBUTIONS COMMONLY USED IN BIOLOGICAL STA
TISTICS \TU/lmr/m/n/10 75
 []

[75]

LaTeX Font Warning: Command \large invalid in math mode on input line 2599.


LaTeX Font Warning: Command \Large invalid in math mode on input line 2606.


LaTeX Font Warning: Command \Large invalid in math mode on input line 2610.

File: images/week_2.010.jpeg Graphic file (type bmp)
<images/week_2.010.jpeg>
File: images/week_2.013.jpeg Graphic file (type bmp)
<images/week_2.013.jpeg>

Overfull \hbox (86.39453pt too wide) has occurred while \output is active
\TU/lmr/m/n/10 76 \TU/lmr/m/sl/10 CHAPTER 8.  INTRODUCTION TO PROBABILITY AND P
ROBABILITY DISTRIBUTIONS
 []

[76]
File: images/week_2.015.jpeg Graphic file (type bmp)
<images/week_2.015.jpeg>
File: images/week_2.014.jpeg Graphic file (type bmp)
<images/week_2.014.jpeg>

Underfull \vbox (badness 10000) has occurred while \output is active []


Overfull \hbox (76.64343pt too wide) has occurred while \output is active
\TU/lmr/m/sl/10 8.9.  PROBABILITY DISTRIBUTIONS COMMONLY USED IN BIOLOGICAL STA
TISTICS \TU/lmr/m/n/10 77
 []

[77]
File: images/week_2.016.jpeg Graphic file (type bmp)
<images/week_2.016.jpeg>
File: images/week_2.017.jpeg Graphic file (type bmp)
<images/week_2.017.jpeg>

Underfull \vbox (badness 10000) has occurred while \output is active []


Overfull \hbox (86.39453pt too wide) has occurred while \output is active
\TU/lmr/m/n/10 78 \TU/lmr/m/sl/10 CHAPTER 8.  INTRODUCTION TO PROBABILITY AND P
ROBABILITY DISTRIBUTIONS
 []

[78]
File: images/week_2.018.jpeg Graphic file (type bmp)
<images/week_2.018.jpeg>

Overfull \hbox (76.64343pt too wide) has occurred while \output is active
\TU/lmr/m/sl/10 8.9.  PROBABILITY DISTRIBUTIONS COMMONLY USED IN BIOLOGICAL STA
TISTICS \TU/lmr/m/n/10 79
 []

[79]

LaTeX Font Warning: Command \huge invalid in math mode on input line 2696.


Overfull \hbox (86.39453pt too wide) has occurred while \output is active
\TU/lmr/m/n/10 80 \TU/lmr/m/sl/10 CHAPTER 8.  INTRODUCTION TO PROBABILITY AND P
ROBABILITY DISTRIBUTIONS
 []

[80]
Chapter 9.
[81

]
File: foundational_statistics_files/figure-latex/unnamed-chunk-60-1.pdf Graphic
 file (type pdf)
<use foundational_statistics_files/figure-latex/unnamed-chunk-60-1.pdf>

Underfull \vbox (badness 4144) has occurred while \output is active []


Overfull \hbox (57.65344pt too wide) has occurred while \output is active
\TU/lmr/m/n/10 82 \TU/lmr/m/sl/10 CHAPTER 9.  PARAMETER ESTIMATION BASICS AND T
HE SAMPLING PROCESS
 []

[82]
File: images/week_2.025.jpeg Graphic file (type bmp)
<images/week_2.025.jpeg>

Underfull \vbox (badness 10000) has occurred while \output is active []


Overfull \hbox (35.56343pt too wide) has occurred while \output is active
\TU/lmr/m/sl/10 9.3.  MORE ON PARAMETER ESTIMATION AND SAMPLING DISTRIBUTIONS \
TU/lmr/m/n/10 83
 []

[83]
File: images/week_2.028.jpeg Graphic file (type bmp)
<images/week_2.028.jpeg>

Underfull \vbox (badness 3189) has occurred while \output is active []


Overfull \hbox (57.65344pt too wide) has occurred while \output is active
\TU/lmr/m/n/10 84 \TU/lmr/m/sl/10 CHAPTER 9.  PARAMETER ESTIMATION BASICS AND T
HE SAMPLING PROCESS
 []

[84]

LaTeX Font Warning: Command \huge invalid in math mode on input line 2767.


Overfull \hbox (67.15123pt too wide) has occurred while \output is active
\TU/lmr/m/sl/10 9.5.  THE BOOTSTRAP TO ESTIMATE PARAMETERS AND THE STANDARD ERR
OR \TU/lmr/m/n/10 85
 []

[85]
Overfull \hbox (57.65344pt too wide) has occurred while \output is active
\TU/lmr/m/n/10 86 \TU/lmr/m/sl/10 CHAPTER 9.  PARAMETER ESTIMATION BASICS AND T
HE SAMPLING PROCESS
 []

[86] [87]
Overfull \hbox (57.65344pt too wide) has occurred while \output is active
\TU/lmr/m/n/10 88 \TU/lmr/m/sl/10 CHAPTER 9.  PARAMETER ESTIMATION BASICS AND T
HE SAMPLING PROCESS
 []

[88

]
Chapter 10.
[89] [90]
File: images/Logan_ExpTerms.jpg Graphic file (type bmp)
<images/Logan_ExpTerms.jpg>

Overfull \hbox (323.22516pt too wide) in paragraph at lines 2868--2869
[][] 
 []


Underfull \vbox (badness 10000) has occurred while \output is active []

[91]
Underfull \vbox (badness 10000) has occurred while \output is active []

[92]
File: images/images_6a.005.jpeg Graphic file (type bmp)
<images/images_6a.005.jpeg>

Overfull \hbox (587.32497pt too wide) in paragraph at lines 2882--2883
[][] 
 []


Underfull \vbox (badness 10000) has occurred while \output is active []

[93]
Underfull \vbox (badness 6808) has occurred while \output is active []

[94] [95]
Underfull \vbox (badness 10000) has occurred while \output is active []

[96]
File: images/images_6a.006.jpeg Graphic file (type bmp)
<images/images_6a.006.jpeg>

Overfull \hbox (596.52959pt too wide) in paragraph at lines 2955--2956
[][] 
 []


Underfull \vbox (badness 10000) has occurred while \output is active []

[97]
Underfull \vbox (badness 10000) has occurred while \output is active []

[98]
File: images/images_6a.007.jpeg Graphic file (type bmp)
<images/images_6a.007.jpeg>

Overfull \hbox (504.17041pt too wide) in paragraph at lines 2962--2963
[][] 
 []

File: images/images_6a.008.jpeg Graphic file (type bmp)
<images/images_6a.008.jpeg>

Overfull \hbox (542.31284pt too wide) in paragraph at lines 2971--2972
[][] 
 []


Underfull \vbox (badness 10000) has occurred while \output is active []

[99]
File: images/images_6a.009.jpeg Graphic file (type bmp)
<images/images_6a.009.jpeg>

Underfull \vbox (badness 10000) has occurred while \output is active []

[100] [101] [102]
Chapter 11.
[103

] [104]
File: images/week_3.003.jpeg Graphic file (type bmp)
<images/week_3.003.jpeg>
[105]
File: images/week_3.001.jpeg Graphic file (type bmp)
<images/week_3.001.jpeg>

Underfull \vbox (badness 10000) has occurred while \output is active []

[106]
File: images/week_3.007.jpeg Graphic file (type bmp)
<images/week_3.007.jpeg>
[107]
File: images/week_3.009.jpeg Graphic file (type bmp)
<images/week_3.009.jpeg>
[108]
File: images/images_6b.002.jpeg Graphic file (type bmp)
<images/images_6b.002.jpeg>
[109]
File: images/images_6b.003.jpeg Graphic file (type bmp)
<images/images_6b.003.jpeg>

Overfull \hbox (536.52116pt too wide) in paragraph at lines 3101--3101
 [] 
 []


Underfull \vbox (badness 10000) has occurred while \output is active []

[110] [111]

LaTeX Font Warning: Command \large invalid in math mode on input line 3115.

File: images/week_3.016.jpeg Graphic file (type bmp)
<images/week_3.016.jpeg>
[112]
File: images/week_3.005_1_tailed.jpeg Graphic file (type bmp)
<images/week_3.005_1_tailed.jpeg>
File: images/week_3.005_2_tailed.jpeg Graphic file (type bmp)
<images/week_3.005_2_tailed.jpeg>
[113]
Missing character: There is no  in font [lmroman10-regular]:mapping=tex-text;!
[114]
File: foundational_statistics_files/figure-latex/unnamed-chunk-78-1.pdf Graphic
 file (type pdf)
<use foundational_statistics_files/figure-latex/unnamed-chunk-78-1.pdf>

Underfull \vbox (badness 10000) has occurred while \output is active []


Overfull \hbox (55.57343pt too wide) has occurred while \output is active
\TU/lmr/m/sl/10 11.5.  COMPARING MEANS USING RESAMPLING AND RANDOMIZATION TESTS
 \TU/lmr/m/n/10 115
 []

[115] [116] [117] [118

]
Chapter 12.
[119]
Underfull \hbox (badness 10000) in paragraph at lines 3261--3262

 []


Underfull \hbox (badness 10000) in paragraph at lines 3266--3267

 []

[120]
File: foundational_statistics_files/figure-latex/unnamed-chunk-79-1.pdf Graphic
 file (type pdf)
<use foundational_statistics_files/figure-latex/unnamed-chunk-79-1.pdf>

Underfull \vbox (badness 10000) has occurred while \output is active []

[121] [122] [123] [124]
File: images/images_4b.011.jpeg Graphic file (type bmp)
<images/images_4b.011.jpeg>

Overfull \hbox (388.33167pt too wide) in paragraph at lines 3338--3338
 [] 
 []


Underfull \vbox (badness 10000) has occurred while \output is active []

[125]
Underfull \vbox (badness 10000) has occurred while \output is active []

[126]
File: images/images_4b.018.jpeg Graphic file (type bmp)
<images/images_4b.018.jpeg>

Overfull \hbox (388.33167pt too wide) in paragraph at lines 3353--3353
 [] 
 []


Underfull \vbox (badness 10000) has occurred while \output is active []

[127]
Underfull \vbox (badness 10000) has occurred while \output is active []

[128]
File: foundational_statistics_files/figure-latex/unnamed-chunk-82-1.pdf Graphic
 file (type pdf)
<use foundational_statistics_files/figure-latex/unnamed-chunk-82-1.pdf>
File: foundational_statistics_files/figure-latex/unnamed-chunk-82-2.pdf Graphic
 file (type pdf)
<use foundational_statistics_files/figure-latex/unnamed-chunk-82-2.pdf>

Underfull \vbox (badness 10000) has occurred while \output is active []

[129]
Underfull \vbox (badness 10000) has occurred while \output is active []

[130]
File: images/images_5a.002.jpeg Graphic file (type bmp)
<images/images_5a.002.jpeg>

Overfull \hbox (525.3148pt too wide) in paragraph at lines 3423--3423
 [] 
 []


Underfull \vbox (badness 10000) has occurred while \output is active []

[131] [132] [133] [134

]
Chapter 13.
[135] [136]
File: images/images_5b.014.jpeg Graphic file (type bmp)
<images/images_5b.014.jpeg>
[137]
File: images/images_5b.018.jpeg Graphic file (type bmp)
<images/images_5b.018.jpeg>
File: images/images_5b.019.jpeg Graphic file (type bmp)
<images/images_5b.019.jpeg>

Underfull \vbox (badness 10000) has occurred while \output is active []

[138] [139] [140]
File: foundational_statistics_files/figure-latex/unnamed-chunk-87-1.pdf Graphic
 file (type pdf)
<use foundational_statistics_files/figure-latex/unnamed-chunk-87-1.pdf>

Underfull \vbox (badness 10000) has occurred while \output is active []

[141] [142]
Overfull \hbox (6.75pt too wide) in paragraph at lines 3654--3654
[]\TU/lmtt/m/n/10 ##                             Estimate Std. Error t value Pr
(>|t|)[] 
 []


Overfull \hbox (27.75pt too wide) in paragraph at lines 3654--3654
[]\TU/lmtt/m/n/10 ## versicolor - setosa == 0       0.930      0.103   9.033   
<1e-08 ***[] 
 []


Overfull \hbox (27.75pt too wide) in paragraph at lines 3654--3654
[]\TU/lmtt/m/n/10 ## virginica - setosa == 0        1.582      0.103  15.366   
<1e-08 ***[] 
 []


Overfull \hbox (27.75pt too wide) in paragraph at lines 3654--3654
[]\TU/lmtt/m/n/10 ## virginica - versicolor == 0    0.652      0.103   6.333   
<1e-08 ***[] 
 []

[143] [144]
File: images/images_7a.005.jpeg Graphic file (type bmp)
<images/images_7a.005.jpeg>

Underfull \vbox (badness 1342) has occurred while \output is active []

[145] [146]
File: images/images_7a.022.jpeg Graphic file (type bmp)
<images/images_7a.022.jpeg>
[147] [148]
File: foundational_statistics_files/figure-latex/unnamed-chunk-94-1.pdf Graphic
 file (type pdf)
<use foundational_statistics_files/figure-latex/unnamed-chunk-94-1.pdf>
[149]
No file foundational_statistics.bbl.
Package atveryend Info: Empty hook `BeforeClearDocument' on input line 3821.
[150]
Package atveryend Info: Empty hook `AfterLastShipout' on input line 3821.
(./foundational_statistics.aux)
Package atveryend Info: Empty hook `AtVeryEndDocument' on input line 3821.
Package atveryend Info: Executing hook `AtEndAfterFileList' on input line 3821.

Package rerunfilecheck Info: File `foundational_statistics.out' has not changed
.
(rerunfilecheck)             Checksum: 1656BD17DC251251874FD90AC4146A46.
 ) 
Here is how much of TeX's memory you used:
 27914 strings out of 492916
 518081 string characters out of 6133346
 752586 words of memory out of 5000000
 31530 multiletter control sequences out of 15000+600000
 538812 words of font info for 87 fonts, out of 8000000 for 9000
 1348 hyphenation exceptions out of 8191
 58i,6n,115p,2412b,458s stack positions out of 5000i,500n,10000p,200000b,80000s

Output written on foundational_statistics.pdf (150 pages).
